#
# A fatal error has been detected by the Java Runtime Environment:
#
#  EXCEPTION_ACCESS_VIOLATION (0xc0000005) at pc=0x0000000063bb0f17, pid=26400, tid=0x0000000000002094
#
# JRE version: Java(TM) SE Runtime Environment (8.0_202-b08) (build 1.8.0_202-b08)
# Java VM: Java HotSpot(TM) 64-Bit Server VM (25.202-b08 mixed mode windows-amd64 compressed oops)
# Problematic frame:
# V  [jvm.dll+0x230f17]
#
# Failed to write core dump. Minidumps are not enabled by default on client versions of Windows
#
# If you would like to submit a bug report, please visit:
#   http://bugreport.java.com/bugreport/crash.jsp
#

---------------  T H R E A D  ---------------

Current thread (0x000000001c479800):  JavaThread "Daemon worker" [_thread_in_vm, id=8340, stack(0x000000001e700000,0x000000001e800000)]

siginfo: ExceptionCode=0xc0000005, reading address 0x0000000000000000

Registers:
RAX=0x0000000000000000, RBX=0x00000000238595a0, RCX=0x0000000021ac4ec0, RDX=0x0000000000000009
RSP=0x000000001e7f6330, RBP=0x000000001e7f6430, RSI=0x000000001c479800, RDI=0x0000000000000000
R8 =0x0000000000000009, R9 =0x0000000000000008, R10=0x000000001c7905a0, R11=0x000000001c7905a0
R12=0x000000001cb0d7c0, R13=0x0000000003b97ed0, R14=0x000000001c479800, R15=0x00000000238595a0
RIP=0x0000000063bb0f17, EFLAGS=0x0000000000010202

Top of Stack: (sp=0x000000001e7f6330)
0x000000001e7f6330:   000000001c479800 000000001e7f6430
0x000000001e7f6340:   000000001c479800 000000001b828fc0
0x000000001e7f6350:   000000001e7f63f0 000000001c479800
0x000000001e7f6360:   0000000028010101 00000000000000b8
0x000000001e7f6370:   00000000238595a0 000000001c479800
0x000000001e7f6380:   00000000068d4290 000000001e7f7120
0x000000001e7f6390:   000000001b828fd0 000000001b8293a8
0x000000001e7f63a0:   00000000000003d8 000000001b828fc0
0x000000001e7f63b0:   000000001c479800 0000000000000000
0x000000001e7f63c0:   0000000000000000 0000000000000000
0x000000001e7f63d0:   000000000446b950 000000001c479800
0x000000001e7f63e0:   000000001b828fd0 0000000063b9eb32
0x000000001e7f63f0:   000000010000b738 000000010000b738
0x000000001e7f6400:   00000000238595a0 000000001c479800
0x000000001e7f6410:   00000000238595a0 000000001c479800
0x000000001e7f6420:   fffffffe00000000 0000000000000000 

Instructions: (pc=0x0000000063bb0f17)
0x0000000063bb0ef7:   02 7c e6 41 ff 0a 81 7c 24 38 e9 00 00 00 75 05
0x0000000063bb0f07:   48 8b df eb 29 80 3d 2e 5a 5e 00 00 48 8b 45 10
0x0000000063bb0f17:   48 8b 18 74 15 8b 5b 08 8b 0d 43 89 57 00 48 d3
0x0000000063bb0f27:   e3 48 03 1d 31 89 57 00 eb 04 48 8b 5b 08 48 8b 


Register to memory mapping:

RAX=0x0000000000000000 is an unknown value
RBX={method} {0x00000000238595a8} 'linkToSpecial' '(Ljava/lang/Object;Ljava/lang/Object;JLjava/lang/invoke/MemberName;)Ljava/lang/Object;' in 'java/lang/invoke/MethodHandle'
RCX=0x0000000021ac4ec0 is an unknown value
RDX=0x0000000000000009 is an unknown value
RSP=0x000000001e7f6330 is pointing into the stack for thread: 0x000000001c479800
RBP=0x000000001e7f6430 is pointing into the stack for thread: 0x000000001c479800
RSI=0x000000001c479800 is a thread
RDI=0x0000000000000000 is an unknown value
R8 =0x0000000000000009 is an unknown value
R9 =0x0000000000000008 is an unknown value
R10=0x000000001c7905a0 is an unknown value
R11=0x000000001c7905a0 is an unknown value
R12=0x000000001cb0d7c0 is an unknown value
R13=0x0000000003b97ed0 is at entry_point+-304 in (nmethod*)0x0000000003b97ed0
R14=0x000000001c479800 is a thread
R15={method} {0x00000000238595a8} 'linkToSpecial' '(Ljava/lang/Object;Ljava/lang/Object;JLjava/lang/invoke/MemberName;)Ljava/lang/Object;' in 'java/lang/invoke/MethodHandle'


Stack: [0x000000001e700000,0x000000001e800000],  sp=0x000000001e7f6330,  free space=984k
Native frames: (J=compiled Java code, j=interpreted, Vv=VM code, C=native code)
V  [jvm.dll+0x230f17]
V  [jvm.dll+0x231896]
V  [jvm.dll+0x232438]
C  0x000000000337621e

Java frames: (J=compiled Java code, j=interpreted, Vv=VM code)
v  ~RuntimeStub::resolve_opt_virtual_call
J 14950 C2 org.jetbrains.kotlin.com.intellij.util.containers.ConcurrentLongObjectHashMap.tabAt([Lorg/jetbrains/kotlin/com/intellij/util/containers/ConcurrentLongObjectHashMap$Node;I)Lorg/jetbrains/kotlin/com/intellij/util/containers/ConcurrentLongObjectHashMap$Node; (33 bytes) @ 0x00000000068d440c [0x00000000068d43e0+0x2c]
j  org.jetbrains.kotlin.com.intellij.util.containers.ConcurrentLongObjectHashMap.get(J)Ljava/lang/Object;+31
J 14625 C1 org.jetbrains.kotlin.com.intellij.openapi.progress.impl.CoreProgressManager.getProgressIndicator()Lorg/jetbrains/kotlin/com/intellij/openapi/progress/ProgressIndicator; (7 bytes) @ 0x0000000006743f34 [0x0000000006743d20+0x214]
j  org.jetbrains.kotlin.com.intellij.openapi.progress.impl.CoreProgressManager.executeProcessUnderProgress(Ljava/lang/Runnable;Lorg/jetbrains/kotlin/com/intellij/openapi/progress/ProgressIndicator;)V+29
j  org.jetbrains.kotlin.com.intellij.openapi.progress.impl.CoreProgressManager.executeNonCancelableSection(Ljava/lang/Runnable;)V+38
J 14514 C1 org.jetbrains.kotlin.com.intellij.psi.impl.source.tree.LazyParseableElement.lambda$ensureParsed$0(Ljava/lang/CharSequence;)V (50 bytes) @ 0x00000000066b4464 [0x00000000066b3aa0+0x9c4]
J 14570 C1 org.jetbrains.kotlin.com.intellij.psi.impl.source.tree.LazyParseableElement$$Lambda$634.run()V (12 bytes) @ 0x000000000671e44c [0x000000000671e3c0+0x8c]
J 14553 C2 org.jetbrains.kotlin.com.intellij.psi.impl.source.tree.LazyParseableElement.ensureParsed()V (164 bytes) @ 0x000000000671d40c [0x000000000671d140+0x2cc]
J 8613 C1 org.jetbrains.kotlin.com.intellij.psi.impl.source.tree.LazyParseableElement.getFirstChildNode()Lorg/jetbrains/kotlin/com/intellij/psi/impl/source/tree/TreeElement; (9 bytes) @ 0x0000000004cf4e84 [0x0000000004cf4e00+0x84]
j  org.jetbrains.kotlin.com.intellij.psi.impl.source.tree.LazyParseablePsiElement.getFirstChild()Lorg/jetbrains/kotlin/com/intellij/psi/PsiElement;+1
j  org.jetbrains.kotlin.com.intellij.psi.impl.source.tree.LazyParseablePsiElement.acceptChildren(Lorg/jetbrains/kotlin/com/intellij/psi/PsiElementVisitor;)V+9
J 14735 C2 org.jetbrains.kotlin.psi.KtTreeVisitorVoid.visitElement(Lorg/jetbrains/kotlin/com/intellij/psi/PsiElement;)V (16 bytes) @ 0x00000000068022ac [0x0000000006802260+0x4c]
j  org.jetbrains.kotlin.com.intellij.psi.impl.source.tree.LazyParseablePsiElement.accept(Lorg/jetbrains/kotlin/com/intellij/psi/PsiElementVisitor;)V+11
J 14503 C2 org.jetbrains.kotlin.com.intellij.psi.impl.PsiElementBase.acceptChildren(Lorg/jetbrains/kotlin/com/intellij/psi/PsiElementVisitor;)V (35 bytes) @ 0x00000000066b5350 [0x00000000066b52e0+0x70]
J 14735 C2 org.jetbrains.kotlin.psi.KtTreeVisitorVoid.visitElement(Lorg/jetbrains/kotlin/com/intellij/psi/PsiElement;)V (16 bytes) @ 0x00000000068022ac [0x0000000006802260+0x4c]
J 14861 C2 org.jetbrains.kotlin.psi.KtVisitorVoid.visitKtElement(Lorg/jetbrains/kotlin/psi/KtElement;)V (16 bytes) @ 0x00000000068ad254 [0x00000000068ad1e0+0x74]
J 14885 C2 org.jetbrains.kotlin.psi.KtVisitorVoid.visitExpression(Lorg/jetbrains/kotlin/psi/KtExpression;)V (17 bytes) @ 0x00000000068b2920 [0x00000000068b28e0+0x40]
J 14898 C1 org.jetbrains.kotlin.psi.KtVisitorVoid.visitDeclaration(Lorg/jetbrains/kotlin/psi/KtDeclaration;)V (16 bytes) @ 0x00000000068bde84 [0x00000000068bda80+0x404]
J 14875 C1 org.jetbrains.kotlin.psi.KtVisitorVoid.visitNamedDeclaration(Lorg/jetbrains/kotlin/psi/KtNamedDeclaration;Ljava/lang/Object;)Ljava/lang/Object; (10 bytes) @ 0x00000000068b484c [0x00000000068b4160+0x6ec]
j  org.jetbrains.kotlin.psi.KtVisitor.visitProperty(Lorg/jetbrains/kotlin/psi/KtProperty;Ljava/lang/Object;)Ljava/lang/Object;+12
j  org.jetbrains.kotlin.psi.KtVisitorVoid.visitProperty(Lorg/jetbrains/kotlin/psi/KtProperty;)V+12
J 14929 C1 org.jetbrains.kotlin.psi.KtVisitorVoid.visitProperty(Lorg/jetbrains/kotlin/psi/KtProperty;Ljava/lang/Object;)Ljava/lang/Object; (10 bytes) @ 0x00000000068ccb34 [0x00000000068cc820+0x314]
J 14193 C1 org.jetbrains.kotlin.psi.KtProperty.accept(Lorg/jetbrains/kotlin/psi/KtVisitor;Ljava/lang/Object;)Ljava/lang/Object; (15 bytes) @ 0x000000000655104c [0x0000000006550ec0+0x18c]
J 14569 C2 org.jetbrains.kotlin.psi.KtElementImplStub.accept(Lorg/jetbrains/kotlin/com/intellij/psi/PsiElementVisitor;)V (34 bytes) @ 0x00000000067287e8 [0x0000000006728780+0x68]
j  org.jetbrains.kotlin.com.intellij.psi.impl.source.tree.SharedImplUtil.acceptChildren(Lorg/jetbrains/kotlin/com/intellij/psi/PsiElementVisitor;Lorg/jetbrains/kotlin/com/intellij/lang/ASTNode;)V+53
j  org.jetbrains.kotlin.com.intellij.psi.impl.source.PsiFileImpl.acceptChildren(Lorg/jetbrains/kotlin/com/intellij/psi/PsiElementVisitor;)V+14
J 14735 C2 org.jetbrains.kotlin.psi.KtTreeVisitorVoid.visitElement(Lorg/jetbrains/kotlin/com/intellij/psi/PsiElement;)V (16 bytes) @ 0x00000000068022ac [0x0000000006802260+0x4c]
j  org.jetbrains.kotlin.com.intellij.psi.PsiElementVisitor.visitFile(Lorg/jetbrains/kotlin/com/intellij/psi/PsiFile;)V+10
j  org.jetbrains.kotlin.psi.KtVisitor.visitKtFile(Lorg/jetbrains/kotlin/psi/KtFile;Ljava/lang/Object;)Ljava/lang/Object;+11
j  org.jetbrains.kotlin.psi.KtVisitorVoid.visitKtFile(Lorg/jetbrains/kotlin/psi/KtFile;)V+12
j  org.jetbrains.kotlin.psi.KtVisitorVoid.visitKtFile(Lorg/jetbrains/kotlin/psi/KtFile;Ljava/lang/Void;)Ljava/lang/Void;+11
j  org.jetbrains.kotlin.psi.KtVisitorVoid.visitKtFile(Lorg/jetbrains/kotlin/psi/KtFile;Ljava/lang/Object;)Ljava/lang/Object;+6
j  org.jetbrains.kotlin.psi.KtFile.accept(Lorg/jetbrains/kotlin/psi/KtVisitor;Ljava/lang/Object;)Ljava/lang/Object;+10
j  org.jetbrains.kotlin.psi.KtFile.accept(Lorg/jetbrains/kotlin/com/intellij/psi/PsiElementVisitor;)V+20
j  org.jetbrains.kotlin.resolve.checkers.ClassifierUsageCheckerKt.checkClassifierUsages(Ljava/util/Collection;Ljava/lang/Iterable;Lorg/jetbrains/kotlin/resolve/checkers/ClassifierUsageCheckerContext;)V+64
j  org.jetbrains.kotlin.resolve.LazyTopDownAnalyzer.analyzeDeclarations(Lorg/jetbrains/kotlin/resolve/TopDownAnalysisMode;Ljava/util/Collection;Lorg/jetbrains/kotlin/resolve/calls/smartcasts/DataFlowInfo;Lorg/jetbrains/kotlin/types/expressions/ExpressionTypingContext;)Lorg/jetbrains/kotlin/resolve/TopDownAnalysisContext;+356
j  org.jetbrains.kotlin.resolve.LazyTopDownAnalyzer.analyzeDeclarations$default(Lorg/jetbrains/kotlin/resolve/LazyTopDownAnalyzer;Lorg/jetbrains/kotlin/resolve/TopDownAnalysisMode;Ljava/util/Collection;Lorg/jetbrains/kotlin/resolve/calls/smartcasts/DataFlowInfo;Lorg/jetbrains/kotlin/types/expressions/ExpressionTypingContext;ILjava/lang/Object;)Lorg/jetbrains/kotlin/resolve/TopDownAnalysisContext;+31
j  org.jetbrains.kotlin.cli.jvm.compiler.TopDownAnalyzerFacadeForJVM.analyzeFilesWithJavaIntegration(Lorg/jetbrains/kotlin/com/intellij/openapi/project/Project;Ljava/util/Collection;Lorg/jetbrains/kotlin/resolve/BindingTrace;Lorg/jetbrains/kotlin/config/CompilerConfiguration;Lkotlin/jvm/functions/Function1;Lkotlin/jvm/functions/Function2;Lorg/jetbrains/kotlin/com/intellij/psi/search/GlobalSearchScope;Ljava/util/List;Ljava/util/List;Ljava/util/List;Lorg/jetbrains/kotlin/resolve/TargetEnvironment;)Lorg/jetbrains/kotlin/analyzer/AnalysisResult;+281
j  org.jetbrains.kotlin.cli.jvm.compiler.TopDownAnalyzerFacadeForJVM.analyzeFilesWithJavaIntegration$default(Lorg/jetbrains/kotlin/com/intellij/openapi/project/Project;Ljava/util/Collection;Lorg/jetbrains/kotlin/resolve/BindingTrace;Lorg/jetbrains/kotlin/config/CompilerConfiguration;Lkotlin/jvm/functions/Function1;Lkotlin/jvm/functions/Function2;Lorg/jetbrains/kotlin/com/intellij/psi/search/GlobalSearchScope;Ljava/util/List;Ljava/util/List;Ljava/util/List;Lorg/jetbrains/kotlin/resolve/TargetEnvironment;ILjava/lang/Object;)Lorg/jetbrains/kotlin/analyzer/AnalysisResult;+111
j  org.jetbrains.kotlin.cli.jvm.compiler.KotlinToJVMBytecodeCompiler$analyze$1.invoke()Lorg/jetbrains/kotlin/analyzer/AnalysisResult;+274
j  org.jetbrains.kotlin.cli.jvm.compiler.KotlinToJVMBytecodeCompiler$analyze$1.invoke()Ljava/lang/Object;+1
j  org.jetbrains.kotlin.cli.common.messages.AnalyzerWithCompilerReport.analyzeAndReport(Ljava/util/Collection;Lkotlin/jvm/functions/Function0;)V+16
j  org.jetbrains.kotlin.cli.jvm.compiler.KotlinToJVMBytecodeCompiler.analyze(Lorg/jetbrains/kotlin/cli/jvm/compiler/KotlinCoreEnvironment;)Lorg/jetbrains/kotlin/analyzer/AnalysisResult;+153
j  org.jetbrains.kotlin.cli.jvm.compiler.KotlinToJVMBytecodeCompiler.analyzeAndGenerate(Lorg/jetbrains/kotlin/cli/jvm/compiler/KotlinCoreEnvironment;)Lorg/jetbrains/kotlin/codegen/state/GenerationState;+9
j  org.jetbrains.kotlin.cli.jvm.compiler.KotlinToJVMBytecodeCompiler.compileBunchOfSources(Lorg/jetbrains/kotlin/cli/jvm/compiler/KotlinCoreEnvironment;)Z+99
j  org.gradle.kotlin.dsl.support.KotlinCompilerKt.compileToDirectory(Ljava/io/File;Lorg/gradle/api/JavaVersion;Ljava/lang/String;Ljava/lang/Iterable;Lorg/slf4j/Logger;Ljava/lang/Iterable;)Z+919
j  org.gradle.kotlin.dsl.codegen.ApiExtensionsJarKt.compileKotlinApiExtensionsTo(Ljava/io/File;Ljava/util/Collection;Ljava/util/Collection;Lorg/slf4j/Logger;)V+42
j  org.gradle.kotlin.dsl.codegen.ApiExtensionsJarKt.compileKotlinApiExtensionsTo$default(Ljava/io/File;Ljava/util/Collection;Ljava/util/Collection;Lorg/slf4j/Logger;ILjava/lang/Object;)V+27
j  org.gradle.kotlin.dsl.codegen.ApiExtensionsJarGenerator.compileExtensionsTo(Ljava/io/File;)V+17
j  org.gradle.kotlin.dsl.codegen.ApiExtensionsJarGenerator.generate(Ljava/io/File;)V+14
j  org.gradle.kotlin.dsl.codegen.ApiExtensionsJarKt.generateApiExtensionsJar(Lorg/gradle/api/internal/file/temp/TemporaryFileProvider;Ljava/io/File;Ljava/util/Collection;Ljava/io/File;Lkotlin/jvm/functions/Function0;)V+44
j  org.gradle.kotlin.dsl.provider.KotlinScriptClassPathProvider$gradleKotlinDslExtensions$1.invoke(Ljava/io/File;Lkotlin/jvm/functions/Function0;)V+50
j  org.gradle.kotlin.dsl.provider.KotlinScriptClassPathProvider$gradleKotlinDslExtensions$1.invoke(Ljava/lang/Object;Ljava/lang/Object;)Ljava/lang/Object;+9
j  org.gradle.kotlin.dsl.provider.KotlinScriptClassPathProvider$produceFrom$1$1$1.invoke(Ljava/io/File;)V+22
j  org.gradle.kotlin.dsl.provider.KotlinScriptClassPathProvider$produceFrom$1$1$1.invoke(Ljava/lang/Object;)Ljava/lang/Object;+5
j  org.gradle.kotlin.dsl.provider.KotlinScriptClassPathProvider.generateAtomically(Ljava/io/File;Lkotlin/jvm/functions/Function1;)V+8
j  org.gradle.kotlin.dsl.provider.KotlinScriptClassPathProvider.access$generateAtomically(Lorg/gradle/kotlin/dsl/provider/KotlinScriptClassPathProvider;Ljava/io/File;Lkotlin/jvm/functions/Function1;)V+3
j  org.gradle.kotlin.dsl.provider.KotlinScriptClassPathProvider$produceFrom$1.invoke(Ljava/io/File;)V+59
j  org.gradle.kotlin.dsl.provider.KotlinScriptClassPathProvider$produceFrom$1.invoke(Ljava/lang/Object;)Ljava/lang/Object;+5
j  org.gradle.kotlin.dsl.provider.BuildServicesKt$sam$org_gradle_api_Action$0.execute(Ljava/lang/Object;)V+5
j  org.gradle.cache.internal.DefaultGeneratedGradleJarCache$1.run()V+18
j  org.gradle.internal.Factories$1.create()Ljava/lang/Object;+4
j  org.gradle.cache.internal.DefaultCacheAccess.useCache(Lorg/gradle/internal/Factory;)Ljava/lang/Object;+58
j  org.gradle.cache.internal.DefaultCacheAccess.useCache(Ljava/lang/Runnable;)V+5
j  org.gradle.cache.internal.DefaultPersistentDirectoryStore.useCache(Ljava/lang/Runnable;)V+5
j  org.gradle.cache.internal.DefaultCacheFactory$ReferenceTrackingCache.useCache(Ljava/lang/Runnable;)V+8
j  org.gradle.cache.internal.DefaultGeneratedGradleJarCache.get(Ljava/lang/String;Lorg/gradle/api/Action;)Ljava/io/File;+20
j  org.gradle.kotlin.dsl.provider.BuildServices$versionedJarCacheFor$1.invoke(Ljava/lang/String;Lkotlin/jvm/functions/Function1;)Ljava/io/File;+28
j  org.gradle.kotlin.dsl.provider.BuildServices$versionedJarCacheFor$1.invoke(Ljava/lang/Object;Ljava/lang/Object;)Ljava/lang/Object;+9
j  org.gradle.kotlin.dsl.provider.KotlinScriptClassPathProvider.produceFrom(Ljava/lang/String;Lkotlin/jvm/functions/Function2;)Ljava/io/File;+14
j  org.gradle.kotlin.dsl.provider.KotlinScriptClassPathProvider.gradleKotlinDslExtensions()Ljava/io/File;+15
j  org.gradle.kotlin.dsl.provider.KotlinScriptClassPathProvider.access$gradleKotlinDslExtensions(Lorg/gradle/kotlin/dsl/provider/KotlinScriptClassPathProvider;)Ljava/io/File;+1
j  org.gradle.kotlin.dsl.provider.KotlinScriptClassPathProvider$gradleApiExtensions$2.invoke()Lorg/gradle/internal/classpath/ClassPath;+11
j  org.gradle.kotlin.dsl.provider.KotlinScriptClassPathProvider$gradleApiExtensions$2.invoke()Ljava/lang/Object;+1
j  kotlin.SynchronizedLazyImpl.getValue()Ljava/lang/Object;+54
j  org.gradle.kotlin.dsl.provider.KotlinScriptClassPathProvider.getGradleApiExtensions()Lorg/gradle/internal/classpath/ClassPath;+6
j  org.gradle.kotlin.dsl.provider.KotlinScriptClassPathProvider.access$getGradleApiExtensions(Lorg/gradle/kotlin/dsl/provider/KotlinScriptClassPathProvider;)Lorg/gradle/internal/classpath/ClassPath;+1
j  org.gradle.kotlin.dsl.provider.KotlinScriptClassPathProvider$gradleKotlinDsl$2.invoke()Lorg/gradle/internal/classpath/ClassPath;+11
j  org.gradle.kotlin.dsl.provider.KotlinScriptClassPathProvider$gradleKotlinDsl$2.invoke()Ljava/lang/Object;+1
j  kotlin.SynchronizedLazyImpl.getValue()Ljava/lang/Object;+54
j  org.gradle.kotlin.dsl.provider.KotlinScriptClassPathProvider.getGradleKotlinDsl()Lorg/gradle/internal/classpath/ClassPath;+6
j  org.gradle.kotlin.dsl.provider.KotlinScriptClassPathProvider.computeCompilationClassPath(Lorg/gradle/api/internal/initialization/ClassLoaderScope;)Lorg/gradle/internal/classpath/ClassPath;+1
j  org.gradle.kotlin.dsl.provider.KotlinScriptClassPathProvider.access$computeCompilationClassPath(Lorg/gradle/kotlin/dsl/provider/KotlinScriptClassPathProvider;Lorg/gradle/api/internal/initialization/ClassLoaderScope;)Lorg/gradle/internal/classpath/ClassPath;+2
j  org.gradle.kotlin.dsl.provider.KotlinScriptClassPathProvider$compilationClassPathOf$1.apply(Lorg/gradle/api/internal/initialization/ClassLoaderScope;)Lorg/gradle/internal/classpath/ClassPath;+11
j  org.gradle.kotlin.dsl.provider.KotlinScriptClassPathProvider$compilationClassPathOf$1.apply(Ljava/lang/Object;)Ljava/lang/Object;+5
J 3433 C1 java.util.concurrent.ConcurrentHashMap.computeIfAbsent(Ljava/lang/Object;Ljava/util/function/Function;)Ljava/lang/Object; (493 bytes) @ 0x0000000003dd7674 [0x0000000003dd6e60+0x814]
j  org.gradle.kotlin.dsl.provider.KotlinScriptClassPathProvider.compilationClassPathOf(Lorg/gradle/api/internal/initialization/ClassLoaderScope;)Lorg/gradle/internal/classpath/ClassPath;+22
j  org.gradle.kotlin.dsl.provider.StandardKotlinScriptEvaluator$InterpreterHost.compilationClassPathOf(Lorg/gradle/api/internal/initialization/ClassLoaderScope;)Lorg/gradle/internal/classpath/ClassPath;+15
j  org.gradle.kotlin.dsl.execution.Interpreter.emitSpecializedProgramFor(Lorg/gradle/kotlin/dsl/support/KotlinScriptHost;Lorg/gradle/groovy/scripts/ScriptSource;Lorg/gradle/internal/hash/HashCode;Ljava/lang/String;Lorg/gradle/api/internal/initialization/ClassLoaderScope;Lorg/gradle/api/internal/initialization/ClassLoaderScope;Lorg/gradle/kotlin/dsl/execution/ProgramKind;Lorg/gradle/kotlin/dsl/execution/ProgramTarget;)Lorg/gradle/kotlin/dsl/execution/CompiledScript;+64
j  org.gradle.kotlin.dsl.execution.Interpreter.eval(Ljava/lang/Object;Lorg/gradle/groovy/scripts/ScriptSource;Lorg/gradle/internal/hash/HashCode;Lorg/gradle/api/initialization/dsl/ScriptHandler;Lorg/gradle/api/internal/initialization/ClassLoaderScope;Lorg/gradle/api/internal/initialization/ClassLoaderScope;ZLjava/util/EnumSet;)V+181
j  org.gradle.kotlin.dsl.provider.StandardKotlinScriptEvaluator.evaluate(Ljava/lang/Object;Lorg/gradle/groovy/scripts/ScriptSource;Lorg/gradle/api/initialization/dsl/ScriptHandler;Lorg/gradle/api/internal/initialization/ClassLoaderScope;Lorg/gradle/api/internal/initialization/ClassLoaderScope;ZLjava/util/EnumSet;)V+163
j  org.gradle.kotlin.dsl.provider.KotlinScriptPluginFactory$create$1.invoke(Ljava/lang/Object;)V+41
j  org.gradle.kotlin.dsl.provider.KotlinScriptPluginFactory$create$1.invoke(Ljava/lang/Object;)Ljava/lang/Object;+2
j  org.gradle.kotlin.dsl.provider.KotlinScriptPlugin.apply(Ljava/lang/Object;)V+22
j  org.gradle.configuration.BuildOperationScriptPlugin$1.run(Lorg/gradle/internal/operations/BuildOperationContext;)V+11
j  org.gradle.internal.operations.DefaultBuildOperationRunner$1.execute(Lorg/gradle/internal/operations/RunnableBuildOperation;Lorg/gradle/internal/operations/BuildOperationContext;)V+2
j  org.gradle.internal.operations.DefaultBuildOperationRunner$1.execute(Lorg/gradle/internal/operations/BuildOperation;Lorg/gradle/internal/operations/BuildOperationContext;)V+6
j  org.gradle.internal.operations.DefaultBuildOperationRunner$2.execute(Lorg/gradle/internal/operations/BuildOperationDescriptor;Lorg/gradle/internal/operations/BuildOperationState;Lorg/gradle/internal/operations/BuildOperationState;Lorg/gradle/internal/operations/DefaultBuildOperationRunner$ReadableBuildOperationContext;Lorg/gradle/internal/operations/DefaultBuildOperationRunner$BuildOperationExecutionListener;)Lorg/gradle/internal/operations/BuildOperation;+22
j  org.gradle.internal.operations.DefaultBuildOperationRunner$2.execute(Lorg/gradle/internal/operations/BuildOperationDescriptor;Lorg/gradle/internal/operations/BuildOperationState;Lorg/gradle/internal/operations/BuildOperationState;Lorg/gradle/internal/operations/DefaultBuildOperationRunner$ReadableBuildOperationContext;Lorg/gradle/internal/operations/DefaultBuildOperationRunner$BuildOperationExecutionListener;)Ljava/lang/Object;+8
j  org.gradle.internal.operations.DefaultBuildOperationRunner.execute(Lorg/gradle/internal/operations/BuildOperationDescriptor$Builder;Lorg/gradle/internal/operations/BuildOperationState;Lorg/gradle/internal/operations/DefaultBuildOperationRunner$BuildOperationExecution;)Ljava/lang/Object;+141
j  org.gradle.internal.operations.DefaultBuildOperationRunner.execute(Lorg/gradle/internal/operations/BuildOperation;Lorg/gradle/internal/operations/BuildOperationWorker;Lorg/gradle/internal/operations/BuildOperationState;)V+18
j  org.gradle.internal.operations.DefaultBuildOperationRunner.run(Lorg/gradle/internal/operations/RunnableBuildOperation;)V+9
j  org.gradle.internal.operations.DefaultBuildOperationExecutor.run(Lorg/gradle/internal/operations/RunnableBuildOperation;)V+5
j  org.gradle.configuration.BuildOperationScriptPlugin.lambda$apply$0(Ljava/lang/Object;Lorg/gradle/configuration/internal/UserCodeApplicationId;)V+14
j  org.gradle.configuration.BuildOperationScriptPlugin$$Lambda$297.execute(Ljava/lang/Object;)V+12
j  org.gradle.configuration.internal.DefaultUserCodeApplicationContext.apply(Lorg/gradle/internal/DisplayName;Lorg/gradle/api/Action;)V+37
j  org.gradle.configuration.BuildOperationScriptPlugin.apply(Ljava/lang/Object;)V+61
j  org.gradle.initialization.ScriptEvaluatingSettingsProcessor.applySettingsScript(Lorg/gradle/groovy/scripts/TextResourceScriptSource;Lorg/gradle/api/internal/SettingsInternal;)V+32
j  org.gradle.initialization.ScriptEvaluatingSettingsProcessor.process(Lorg/gradle/api/internal/GradleInternal;Lorg/gradle/initialization/SettingsLocation;Lorg/gradle/api/internal/initialization/ClassLoaderScope;Lorg/gradle/StartParameter;)Lorg/gradle/initialization/SettingsState;+89
j  org.gradle.initialization.SettingsEvaluatedCallbackFiringSettingsProcessor.process(Lorg/gradle/api/internal/GradleInternal;Lorg/gradle/initialization/SettingsLocation;Lorg/gradle/api/internal/initialization/ClassLoaderScope;Lorg/gradle/StartParameter;)Lorg/gradle/initialization/SettingsState;+9
j  org.gradle.initialization.RootBuildCacheControllerSettingsProcessor.process(Lorg/gradle/api/internal/GradleInternal;Lorg/gradle/initialization/SettingsLocation;Lorg/gradle/api/internal/initialization/ClassLoaderScope;Lorg/gradle/StartParameter;)Lorg/gradle/initialization/SettingsState;+9
j  org.gradle.initialization.BuildOperationSettingsProcessor$2.call(Lorg/gradle/internal/operations/BuildOperationContext;)Lorg/gradle/initialization/SettingsState;+23
j  org.gradle.initialization.BuildOperationSettingsProcessor$2.call(Lorg/gradle/internal/operations/BuildOperationContext;)Ljava/lang/Object;+2
j  org.gradle.internal.operations.DefaultBuildOperationRunner$CallableBuildOperationWorker.execute(Lorg/gradle/internal/operations/CallableBuildOperation;Lorg/gradle/internal/operations/BuildOperationContext;)V+3
j  org.gradle.internal.operations.DefaultBuildOperationRunner$CallableBuildOperationWorker.execute(Lorg/gradle/internal/operations/BuildOperation;Lorg/gradle/internal/operations/BuildOperationContext;)V+6
j  org.gradle.internal.operations.DefaultBuildOperationRunner$2.execute(Lorg/gradle/internal/operations/BuildOperationDescriptor;Lorg/gradle/internal/operations/BuildOperationState;Lorg/gradle/internal/operations/BuildOperationState;Lorg/gradle/internal/operations/DefaultBuildOperationRunner$ReadableBuildOperationContext;Lorg/gradle/internal/operations/DefaultBuildOperationRunner$BuildOperationExecutionListener;)Lorg/gradle/internal/operations/BuildOperation;+22
j  org.gradle.internal.operations.DefaultBuildOperationRunner$2.execute(Lorg/gradle/internal/operations/BuildOperationDescriptor;Lorg/gradle/internal/operations/BuildOperationState;Lorg/gradle/internal/operations/BuildOperationState;Lorg/gradle/internal/operations/DefaultBuildOperationRunner$ReadableBuildOperationContext;Lorg/gradle/internal/operations/DefaultBuildOperationRunner$BuildOperationExecutionListener;)Ljava/lang/Object;+8
j  org.gradle.internal.operations.DefaultBuildOperationRunner.execute(Lorg/gradle/internal/operations/BuildOperationDescriptor$Builder;Lorg/gradle/internal/operations/BuildOperationState;Lorg/gradle/internal/operations/DefaultBuildOperationRunner$BuildOperationExecution;)Ljava/lang/Object;+141
j  org.gradle.internal.operations.DefaultBuildOperationRunner.execute(Lorg/gradle/internal/operations/BuildOperation;Lorg/gradle/internal/operations/BuildOperationWorker;Lorg/gradle/internal/operations/BuildOperationState;)V+18
j  org.gradle.internal.operations.DefaultBuildOperationRunner.call(Lorg/gradle/internal/operations/CallableBuildOperation;)Ljava/lang/Object;+16
j  org.gradle.internal.operations.DefaultBuildOperationExecutor.call(Lorg/gradle/internal/operations/CallableBuildOperation;)Ljava/lang/Object;+5
j  org.gradle.initialization.BuildOperationSettingsProcessor.process(Lorg/gradle/api/internal/GradleInternal;Lorg/gradle/initialization/SettingsLocation;Lorg/gradle/api/internal/initialization/ClassLoaderScope;Lorg/gradle/StartParameter;)Lorg/gradle/initialization/SettingsState;+17
j  org.gradle.initialization.DefaultSettingsLoader.findSettingsAndLoadIfAppropriate(Lorg/gradle/api/internal/GradleInternal;Lorg/gradle/StartParameter;Lorg/gradle/initialization/SettingsLocation;Lorg/gradle/api/internal/initialization/ClassLoaderScope;)Lorg/gradle/initialization/SettingsState;+9
j  org.gradle.initialization.DefaultSettingsLoader.findAndLoadSettings(Lorg/gradle/api/internal/GradleInternal;)Lorg/gradle/initialization/SettingsState;+33
j  org.gradle.initialization.SettingsAttachingSettingsLoader.findAndLoadSettings(Lorg/gradle/api/internal/GradleInternal;)Lorg/gradle/initialization/SettingsState;+5
j  org.gradle.internal.composite.ChildBuildRegisteringSettingsLoader.findAndLoadSettings(Lorg/gradle/api/internal/GradleInternal;)Lorg/gradle/initialization/SettingsState;+5
j  org.gradle.initialization.InitScriptHandlingSettingsLoader.findAndLoadSettings(Lorg/gradle/api/internal/GradleInternal;)Lorg/gradle/initialization/SettingsState;+13
j  org.gradle.initialization.GradlePropertiesHandlingSettingsLoader.findAndLoadSettings(Lorg/gradle/api/internal/GradleInternal;)Lorg/gradle/initialization/SettingsState;+39
j  org.gradle.initialization.DefaultSettingsPreparer.prepareSettings(Lorg/gradle/api/internal/GradleInternal;)V+33
j  org.gradle.initialization.BuildOperationFiringSettingsPreparer$LoadBuild.doLoadBuild()V+11
j  org.gradle.initialization.BuildOperationFiringSettingsPreparer$LoadBuild.run(Lorg/gradle/internal/operations/BuildOperationContext;)V+1
j  org.gradle.internal.operations.DefaultBuildOperationRunner$1.execute(Lorg/gradle/internal/operations/RunnableBuildOperation;Lorg/gradle/internal/operations/BuildOperationContext;)V+2
j  org.gradle.internal.operations.DefaultBuildOperationRunner$1.execute(Lorg/gradle/internal/operations/BuildOperation;Lorg/gradle/internal/operations/BuildOperationContext;)V+6
j  org.gradle.internal.operations.DefaultBuildOperationRunner$2.execute(Lorg/gradle/internal/operations/BuildOperationDescriptor;Lorg/gradle/internal/operations/BuildOperationState;Lorg/gradle/internal/operations/BuildOperationState;Lorg/gradle/internal/operations/DefaultBuildOperationRunner$ReadableBuildOperationContext;Lorg/gradle/internal/operations/DefaultBuildOperationRunner$BuildOperationExecutionListener;)Lorg/gradle/internal/operations/BuildOperation;+22
j  org.gradle.internal.operations.DefaultBuildOperationRunner$2.execute(Lorg/gradle/internal/operations/BuildOperationDescriptor;Lorg/gradle/internal/operations/BuildOperationState;Lorg/gradle/internal/operations/BuildOperationState;Lorg/gradle/internal/operations/DefaultBuildOperationRunner$ReadableBuildOperationContext;Lorg/gradle/internal/operations/DefaultBuildOperationRunner$BuildOperationExecutionListener;)Ljava/lang/Object;+8
j  org.gradle.internal.operations.DefaultBuildOperationRunner.execute(Lorg/gradle/internal/operations/BuildOperationDescriptor$Builder;Lorg/gradle/internal/operations/BuildOperationState;Lorg/gradle/internal/operations/DefaultBuildOperationRunner$BuildOperationExecution;)Ljava/lang/Object;+141
j  org.gradle.internal.operations.DefaultBuildOperationRunner.execute(Lorg/gradle/internal/operations/BuildOperation;Lorg/gradle/internal/operations/BuildOperationWorker;Lorg/gradle/internal/operations/BuildOperationState;)V+18
j  org.gradle.internal.operations.DefaultBuildOperationRunner.run(Lorg/gradle/internal/operations/RunnableBuildOperation;)V+9
j  org.gradle.internal.operations.DefaultBuildOperationExecutor.run(Lorg/gradle/internal/operations/RunnableBuildOperation;)V+5
j  org.gradle.initialization.BuildOperationFiringSettingsPreparer.prepareSettings(Lorg/gradle/api/internal/GradleInternal;)V+31
j  org.gradle.initialization.VintageBuildModelController.lambda$prepareSettings$1()V+8
j  org.gradle.initialization.VintageBuildModelController$$Lambda$179.run()V+4
j  org.gradle.internal.model.StateTransitionController.lambda$doTransition$13(Ljava/lang/Runnable;)Lorg/gradle/internal/build/ExecutionResult;+1
j  org.gradle.internal.model.StateTransitionController$$Lambda$178.get()Ljava/lang/Object;+4
j  org.gradle.internal.model.StateTransitionController.doTransition(Lorg/gradle/internal/model/StateTransitionController$State;Lorg/gradle/internal/model/StateTransitionController$State;Ljava/util/function/Supplier;)Lorg/gradle/internal/build/ExecutionResult;+24
j  org.gradle.internal.model.StateTransitionController.doTransition(Lorg/gradle/internal/model/StateTransitionController$State;Lorg/gradle/internal/model/StateTransitionController$State;Ljava/lang/Runnable;)V+9
j  org.gradle.internal.model.StateTransitionController.lambda$transitionIfNotPreviously$11(Lorg/gradle/internal/model/StateTransitionController$State;Lorg/gradle/internal/model/StateTransitionController$State;Ljava/lang/Runnable;)V+16
j  org.gradle.internal.model.StateTransitionController$$Lambda$180.run()V+16
j  org.gradle.internal.work.DefaultSynchronizer.withLock(Ljava/lang/Runnable;)V+6
j  org.gradle.internal.model.StateTransitionController.transitionIfNotPreviously(Lorg/gradle/internal/model/StateTransitionController$State;Lorg/gradle/internal/model/StateTransitionController$State;Ljava/lang/Runnable;)V+13
j  org.gradle.initialization.VintageBuildModelController.prepareSettings()V+16
j  org.gradle.initialization.VintageBuildModelController.getLoadedSettings()Lorg/gradle/api/internal/SettingsInternal;+1
j  org.gradle.internal.build.DefaultBuildLifecycleController$$Lambda$526.get()Ljava/lang/Object;+4
j  org.gradle.internal.model.StateTransitionController.lambda$notInState$4(Lorg/gradle/internal/model/StateTransitionController$State;Ljava/util/function/Supplier;)Ljava/lang/Object;+11
j  org.gradle.internal.model.StateTransitionController$$Lambda$527.create()Ljava/lang/Object;+12
j  org.gradle.internal.work.DefaultSynchronizer.withLock(Lorg/gradle/internal/Factory;)Ljava/lang/Object;+6
j  org.gradle.internal.model.StateTransitionController.notInState(Lorg/gradle/internal/model/StateTransitionController$State;Ljava/util/function/Supplier;)Ljava/lang/Object;+12
j  org.gradle.internal.build.DefaultBuildLifecycleController.loadSettings()V+21
j  org.gradle.internal.build.AbstractBuildState.ensureProjectsLoaded()V+4
j  org.gradle.internal.buildtree.BuildInclusionCoordinator.prepareForInclusion(Lorg/gradle/internal/build/IncludedBuildState;Z)V+14
j  org.gradle.internal.composite.DefaultBuildIncluder.includeBuild(Lorg/gradle/initialization/IncludedBuildSpec;)Lorg/gradle/internal/build/CompositeBuildParticipantBuildState;+67
j  org.gradle.internal.composite.ChildBuildRegisteringSettingsLoader.findAndLoadSettings(Lorg/gradle/api/internal/GradleInternal;)Lorg/gradle/initialization/SettingsState;+81
j  org.gradle.internal.composite.CompositeBuildSettingsLoader.findAndLoadSettings(Lorg/gradle/api/internal/GradleInternal;)Lorg/gradle/initialization/SettingsState;+5
j  org.gradle.initialization.InitScriptHandlingSettingsLoader.findAndLoadSettings(Lorg/gradle/api/internal/GradleInternal;)Lorg/gradle/initialization/SettingsState;+13
j  org.gradle.api.internal.initialization.CacheConfigurationsHandlingSettingsLoader.findAndLoadSettings(Lorg/gradle/api/internal/GradleInternal;)Lorg/gradle/initialization/SettingsState;+15
j  org.gradle.initialization.GradlePropertiesHandlingSettingsLoader.findAndLoadSettings(Lorg/gradle/api/internal/GradleInternal;)Lorg/gradle/initialization/SettingsState;+39
j  org.gradle.initialization.DefaultSettingsPreparer.prepareSettings(Lorg/gradle/api/internal/GradleInternal;)V+33
j  org.gradle.initialization.BuildOperationFiringSettingsPreparer$LoadBuild.doLoadBuild()V+11
j  org.gradle.initialization.BuildOperationFiringSettingsPreparer$LoadBuild.run(Lorg/gradle/internal/operations/BuildOperationContext;)V+1
j  org.gradle.internal.operations.DefaultBuildOperationRunner$1.execute(Lorg/gradle/internal/operations/RunnableBuildOperation;Lorg/gradle/internal/operations/BuildOperationContext;)V+2
j  org.gradle.internal.operations.DefaultBuildOperationRunner$1.execute(Lorg/gradle/internal/operations/BuildOperation;Lorg/gradle/internal/operations/BuildOperationContext;)V+6
j  org.gradle.internal.operations.DefaultBuildOperationRunner$2.execute(Lorg/gradle/internal/operations/BuildOperationDescriptor;Lorg/gradle/internal/operations/BuildOperationState;Lorg/gradle/internal/operations/BuildOperationState;Lorg/gradle/internal/operations/DefaultBuildOperationRunner$ReadableBuildOperationContext;Lorg/gradle/internal/operations/DefaultBuildOperationRunner$BuildOperationExecutionListener;)Lorg/gradle/internal/operations/BuildOperation;+22
j  org.gradle.internal.operations.DefaultBuildOperationRunner$2.execute(Lorg/gradle/internal/operations/BuildOperationDescriptor;Lorg/gradle/internal/operations/BuildOperationState;Lorg/gradle/internal/operations/BuildOperationState;Lorg/gradle/internal/operations/DefaultBuildOperationRunner$ReadableBuildOperationContext;Lorg/gradle/internal/operations/DefaultBuildOperationRunner$BuildOperationExecutionListener;)Ljava/lang/Object;+8
j  org.gradle.internal.operations.DefaultBuildOperationRunner.execute(Lorg/gradle/internal/operations/BuildOperationDescriptor$Builder;Lorg/gradle/internal/operations/BuildOperationState;Lorg/gradle/internal/operations/DefaultBuildOperationRunner$BuildOperationExecution;)Ljava/lang/Object;+141
j  org.gradle.internal.operations.DefaultBuildOperationRunner.execute(Lorg/gradle/internal/operations/BuildOperation;Lorg/gradle/internal/operations/BuildOperationWorker;Lorg/gradle/internal/operations/BuildOperationState;)V+18
j  org.gradle.internal.operations.DefaultBuildOperationRunner.run(Lorg/gradle/internal/operations/RunnableBuildOperation;)V+9
j  org.gradle.internal.operations.DefaultBuildOperationExecutor.run(Lorg/gradle/internal/operations/RunnableBuildOperation;)V+5
j  org.gradle.initialization.BuildOperationFiringSettingsPreparer.prepareSettings(Lorg/gradle/api/internal/GradleInternal;)V+31
j  org.gradle.initialization.VintageBuildModelController.lambda$prepareSettings$1()V+8
j  org.gradle.initialization.VintageBuildModelController$$Lambda$179.run()V+4
j  org.gradle.internal.model.StateTransitionController.lambda$doTransition$13(Ljava/lang/Runnable;)Lorg/gradle/internal/build/ExecutionResult;+1
j  org.gradle.internal.model.StateTransitionController$$Lambda$178.get()Ljava/lang/Object;+4
j  org.gradle.internal.model.StateTransitionController.doTransition(Lorg/gradle/internal/model/StateTransitionController$State;Lorg/gradle/internal/model/StateTransitionController$State;Ljava/util/function/Supplier;)Lorg/gradle/internal/build/ExecutionResult;+24
j  org.gradle.internal.model.StateTransitionController.doTransition(Lorg/gradle/internal/model/StateTransitionController$State;Lorg/gradle/internal/model/StateTransitionController$State;Ljava/lang/Runnable;)V+9
j  org.gradle.internal.model.StateTransitionController.lambda$transitionIfNotPreviously$11(Lorg/gradle/internal/model/StateTransitionController$State;Lorg/gradle/internal/model/StateTransitionController$State;Ljava/lang/Runnable;)V+16
j  org.gradle.internal.model.StateTransitionController$$Lambda$180.run()V+16
j  org.gradle.internal.work.DefaultSynchronizer.withLock(Ljava/lang/Runnable;)V+6
j  org.gradle.internal.model.StateTransitionController.transitionIfNotPreviously(Lorg/gradle/internal/model/StateTransitionController$State;Lorg/gradle/internal/model/StateTransitionController$State;Ljava/lang/Runnable;)V+13
j  org.gradle.initialization.VintageBuildModelController.prepareSettings()V+16
j  org.gradle.initialization.VintageBuildModelController.prepareToScheduleTasks()V+1
j  org.gradle.internal.build.DefaultBuildLifecycleController.lambda$prepareToScheduleTasks$3()V+9
j  org.gradle.internal.build.DefaultBuildLifecycleController$$Lambda$176.run()V+4
j  org.gradle.internal.model.StateTransitionController.lambda$doTransition$13(Ljava/lang/Runnable;)Lorg/gradle/internal/build/ExecutionResult;+1
j  org.gradle.internal.model.StateTransitionController$$Lambda$178.get()Ljava/lang/Object;+4
j  org.gradle.internal.model.StateTransitionController.doTransition(Lorg/gradle/internal/model/StateTransitionController$State;Lorg/gradle/internal/model/StateTransitionController$State;Ljava/util/function/Supplier;)Lorg/gradle/internal/build/ExecutionResult;+24
j  org.gradle.internal.model.StateTransitionController.doTransition(Lorg/gradle/internal/model/StateTransitionController$State;Lorg/gradle/internal/model/StateTransitionController$State;Ljava/lang/Runnable;)V+9
j  org.gradle.internal.model.StateTransitionController.lambda$maybeTransition$9(Lorg/gradle/internal/model/StateTransitionController$State;Lorg/gradle/internal/model/StateTransitionController$State;Ljava/lang/Runnable;)V+16
j  org.gradle.internal.model.StateTransitionController$$Lambda$177.run()V+16
j  org.gradle.internal.work.DefaultSynchronizer.withLock(Ljava/lang/Runnable;)V+6
j  org.gradle.internal.model.StateTransitionController.maybeTransition(Lorg/gradle/internal/model/StateTransitionController$State;Lorg/gradle/internal/model/StateTransitionController$State;Ljava/lang/Runnable;)V+13
j  org.gradle.internal.build.DefaultBuildLifecycleController.prepareToScheduleTasks()V+16
j  org.gradle.internal.buildtree.DefaultBuildTreeWorkPreparer.scheduleRequestedTasks(Lorg/gradle/internal/buildtree/BuildTreeWorkGraph;Lorg/gradle/execution/EntryTaskSelector;)Lorg/gradle/internal/buildtree/BuildTreeWorkGraph$FinalizedGraph;+4
j  org.gradle.configurationcache.VintageBuildTreeWorkController$scheduleAndRunRequestedTasks$1.apply(Lorg/gradle/internal/buildtree/BuildTreeWorkGraph;)Lorg/gradle/internal/build/ExecutionResult;+18
j  org.gradle.configurationcache.VintageBuildTreeWorkController$scheduleAndRunRequestedTasks$1.apply(Ljava/lang/Object;)Ljava/lang/Object;+5
j  org.gradle.composite.internal.DefaultIncludedBuildTaskGraph.withNewWorkGraph(Ljava/util/function/Function;)Ljava/lang/Object;+30
j  org.gradle.configurationcache.VintageBuildTreeWorkController.scheduleAndRunRequestedTasks(Lorg/gradle/execution/EntryTaskSelector;)Lorg/gradle/internal/build/ExecutionResult;+16
j  org.gradle.internal.buildtree.DefaultBuildTreeLifecycleController.lambda$scheduleAndRunTasks$1(Lorg/gradle/execution/EntryTaskSelector;)Lorg/gradle/internal/build/ExecutionResult;+5
j  org.gradle.internal.buildtree.DefaultBuildTreeLifecycleController$$Lambda$171.get()Ljava/lang/Object;+8
j  org.gradle.internal.buildtree.DefaultBuildTreeLifecycleController.lambda$runBuild$4(Ljava/util/function/Supplier;)Ljava/lang/Object;+1
j  org.gradle.internal.buildtree.DefaultBuildTreeLifecycleController$$Lambda$172.get()Ljava/lang/Object;+8
j  org.gradle.internal.model.StateTransitionController.lambda$transition$6(Ljava/util/function/Supplier;)Lorg/gradle/internal/build/ExecutionResult;+1
j  org.gradle.internal.model.StateTransitionController$$Lambda$174.get()Ljava/lang/Object;+4
j  org.gradle.internal.model.StateTransitionController.doTransition(Lorg/gradle/internal/model/StateTransitionController$State;Lorg/gradle/internal/model/StateTransitionController$State;Ljava/util/function/Supplier;)Lorg/gradle/internal/build/ExecutionResult;+24
j  org.gradle.internal.model.StateTransitionController.lambda$transition$7(Lorg/gradle/internal/model/StateTransitionController$State;Lorg/gradle/internal/model/StateTransitionController$State;Ljava/util/function/Supplier;)Ljava/lang/Object;+9
j  org.gradle.internal.model.StateTransitionController$$Lambda$173.create()Ljava/lang/Object;+16
j  org.gradle.internal.work.DefaultSynchronizer.withLock(Lorg/gradle/internal/Factory;)Ljava/lang/Object;+6
j  org.gradle.internal.model.StateTransitionController.transition(Lorg/gradle/internal/model/StateTransitionController$State;Lorg/gradle/internal/model/StateTransitionController$State;Ljava/util/function/Supplier;)Ljava/lang/Object;+13
j  org.gradle.internal.buildtree.DefaultBuildTreeLifecycleController.runBuild(Ljava/util/function/Supplier;)Ljava/lang/Object;+17
j  org.gradle.internal.buildtree.DefaultBuildTreeLifecycleController.scheduleAndRunTasks(Lorg/gradle/execution/EntryTaskSelector;)V+8
j  org.gradle.internal.buildtree.DefaultBuildTreeLifecycleController.scheduleAndRunTasks()V+2
j  org.gradle.tooling.internal.provider.ExecuteBuildActionRunner.run(Lorg/gradle/internal/invocation/BuildAction;Lorg/gradle/internal/buildtree/BuildTreeLifecycleController;)Lorg/gradle/internal/buildtree/BuildActionRunner$Result;+12
j  org.gradle.launcher.exec.ChainingBuildActionRunner.run(Lorg/gradle/internal/invocation/BuildAction;Lorg/gradle/internal/buildtree/BuildTreeLifecycleController;)Lorg/gradle/internal/buildtree/BuildActionRunner$Result;+34
j  org.gradle.internal.buildtree.ProblemReportingBuildActionRunner.run(Lorg/gradle/internal/invocation/BuildAction;Lorg/gradle/internal/buildtree/BuildTreeLifecycleController;)Lorg/gradle/internal/buildtree/BuildActionRunner$Result;+12
j  org.gradle.launcher.exec.BuildOutcomeReportingBuildActionRunner.run(Lorg/gradle/internal/invocation/BuildAction;Lorg/gradle/internal/buildtree/BuildTreeLifecycleController;)Lorg/gradle/internal/buildtree/BuildActionRunner$Result;+69
j  org.gradle.tooling.internal.provider.FileSystemWatchingBuildActionRunner.run(Lorg/gradle/internal/invocation/BuildAction;Lorg/gradle/internal/buildtree/BuildTreeLifecycleController;)Lorg/gradle/internal/buildtree/BuildActionRunner$Result;+335
j  org.gradle.launcher.exec.BuildCompletionNotifyingBuildActionRunner.run(Lorg/gradle/internal/invocation/BuildAction;Lorg/gradle/internal/buildtree/BuildTreeLifecycleController;)Lorg/gradle/internal/buildtree/BuildActionRunner$Result;+6
j  org.gradle.launcher.exec.RootBuildLifecycleBuildActionExecutor.lambda$execute$0(Lorg/gradle/internal/invocation/BuildAction;Lorg/gradle/internal/buildtree/BuildTreeLifecycleController;)Lorg/gradle/internal/buildtree/BuildActionRunner$Result;+6
j  org.gradle.launcher.exec.RootBuildLifecycleBuildActionExecutor$$Lambda$128.apply(Ljava/lang/Object;)Ljava/lang/Object;+12
j  org.gradle.composite.internal.DefaultRootBuildState.run(Ljava/util/function/Function;)Ljava/lang/Object;+87
j  org.gradle.launcher.exec.RootBuildLifecycleBuildActionExecutor.execute(Lorg/gradle/internal/invocation/BuildAction;Lorg/gradle/internal/buildtree/BuildTreeContext;)Lorg/gradle/internal/buildtree/BuildActionRunner$Result;+28
j  org.gradle.internal.buildtree.DefaultBuildTreeContext.execute(Lorg/gradle/internal/invocation/BuildAction;)Lorg/gradle/internal/buildtree/BuildActionRunner$Result;+64
j  org.gradle.launcher.exec.BuildTreeLifecycleBuildActionExecutor.lambda$execute$0(Lorg/gradle/internal/invocation/BuildAction;Lorg/gradle/internal/buildtree/BuildTreeContext;)Lorg/gradle/internal/buildtree/BuildActionRunner$Result;+2
j  org.gradle.launcher.exec.BuildTreeLifecycleBuildActionExecutor$$Lambda$80.apply(Ljava/lang/Object;)Ljava/lang/Object;+8
j  org.gradle.internal.buildtree.BuildTreeState.run(Ljava/util/function/Function;)Ljava/lang/Object;+5
j  org.gradle.launcher.exec.BuildTreeLifecycleBuildActionExecutor.execute(Lorg/gradle/internal/invocation/BuildAction;Lorg/gradle/internal/session/BuildSessionContext;)Lorg/gradle/internal/buildtree/BuildActionRunner$Result;+181
j  org.gradle.launcher.exec.RunAsBuildOperationBuildActionExecutor$3.call(Lorg/gradle/internal/operations/BuildOperationContext;)Lorg/gradle/internal/buildtree/BuildActionRunner$Result;+25
j  org.gradle.launcher.exec.RunAsBuildOperationBuildActionExecutor$3.call(Lorg/gradle/internal/operations/BuildOperationContext;)Ljava/lang/Object;+2
j  org.gradle.internal.operations.DefaultBuildOperationRunner$CallableBuildOperationWorker.execute(Lorg/gradle/internal/operations/CallableBuildOperation;Lorg/gradle/internal/operations/BuildOperationContext;)V+3
j  org.gradle.internal.operations.DefaultBuildOperationRunner$CallableBuildOperationWorker.execute(Lorg/gradle/internal/operations/BuildOperation;Lorg/gradle/internal/operations/BuildOperationContext;)V+6
j  org.gradle.internal.operations.DefaultBuildOperationRunner$2.execute(Lorg/gradle/internal/operations/BuildOperationDescriptor;Lorg/gradle/internal/operations/BuildOperationState;Lorg/gradle/internal/operations/BuildOperationState;Lorg/gradle/internal/operations/DefaultBuildOperationRunner$ReadableBuildOperationContext;Lorg/gradle/internal/operations/DefaultBuildOperationRunner$BuildOperationExecutionListener;)Lorg/gradle/internal/operations/BuildOperation;+22
j  org.gradle.internal.operations.DefaultBuildOperationRunner$2.execute(Lorg/gradle/internal/operations/BuildOperationDescriptor;Lorg/gradle/internal/operations/BuildOperationState;Lorg/gradle/internal/operations/BuildOperationState;Lorg/gradle/internal/operations/DefaultBuildOperationRunner$ReadableBuildOperationContext;Lorg/gradle/internal/operations/DefaultBuildOperationRunner$BuildOperationExecutionListener;)Ljava/lang/Object;+8
j  org.gradle.internal.operations.DefaultBuildOperationRunner.execute(Lorg/gradle/internal/operations/BuildOperationDescriptor$Builder;Lorg/gradle/internal/operations/BuildOperationState;Lorg/gradle/internal/operations/DefaultBuildOperationRunner$BuildOperationExecution;)Ljava/lang/Object;+141
j  org.gradle.internal.operations.DefaultBuildOperationRunner.execute(Lorg/gradle/internal/operations/BuildOperation;Lorg/gradle/internal/operations/BuildOperationWorker;Lorg/gradle/internal/operations/BuildOperationState;)V+18
j  org.gradle.internal.operations.DefaultBuildOperationRunner.call(Lorg/gradle/internal/operations/CallableBuildOperation;)Ljava/lang/Object;+16
j  org.gradle.internal.operations.DefaultBuildOperationExecutor.call(Lorg/gradle/internal/operations/CallableBuildOperation;)Ljava/lang/Object;+5
j  org.gradle.launcher.exec.RunAsBuildOperationBuildActionExecutor.execute(Lorg/gradle/internal/invocation/BuildAction;Lorg/gradle/internal/session/BuildSessionContext;)Lorg/gradle/internal/buildtree/BuildActionRunner$Result;+23
j  org.gradle.launcher.exec.RunAsWorkerThreadBuildActionExecutor.lambda$execute$0(Lorg/gradle/internal/invocation/BuildAction;Lorg/gradle/internal/session/BuildSessionContext;)Lorg/gradle/internal/buildtree/BuildActionRunner$Result;+6
j  org.gradle.launcher.exec.RunAsWorkerThreadBuildActionExecutor$$Lambda$79.create()Ljava/lang/Object;+12
j  org.gradle.internal.work.DefaultWorkerLeaseService.withLocks(Ljava/util/Collection;Lorg/gradle/internal/Factory;)Ljava/lang/Object;+28
j  org.gradle.internal.work.DefaultWorkerLeaseService.runAsWorkerThread(Lorg/gradle/internal/Factory;)Ljava/lang/Object;+33
j  org.gradle.launcher.exec.RunAsWorkerThreadBuildActionExecutor.execute(Lorg/gradle/internal/invocation/BuildAction;Lorg/gradle/internal/session/BuildSessionContext;)Lorg/gradle/internal/buildtree/BuildActionRunner$Result;+12
j  org.gradle.tooling.internal.provider.continuous.ContinuousBuildActionExecutor.execute(Lorg/gradle/internal/invocation/BuildAction;Lorg/gradle/internal/session/BuildSessionContext;)Lorg/gradle/internal/buildtree/BuildActionRunner$Result;+58
j  org.gradle.tooling.internal.provider.SubscribableBuildActionExecutor.execute(Lorg/gradle/internal/invocation/BuildAction;Lorg/gradle/internal/session/BuildSessionContext;)Lorg/gradle/internal/buildtree/BuildActionRunner$Result;+30
j  org.gradle.internal.session.DefaultBuildSessionContext.execute(Lorg/gradle/internal/invocation/BuildAction;)Lorg/gradle/internal/buildtree/BuildActionRunner$Result;+64
j  org.gradle.tooling.internal.provider.BuildSessionLifecycleBuildActionExecuter$ActionImpl.apply(Lorg/gradle/internal/session/BuildSessionContext;)Lorg/gradle/launcher/exec/BuildActionResult;+6
j  org.gradle.tooling.internal.provider.BuildSessionLifecycleBuildActionExecuter$ActionImpl.apply(Ljava/lang/Object;)Ljava/lang/Object;+5
j  org.gradle.internal.session.BuildSessionState.run(Ljava/util/function/Function;)Ljava/lang/Object;+5
j  org.gradle.tooling.internal.provider.BuildSessionLifecycleBuildActionExecuter.execute(Lorg/gradle/internal/invocation/BuildAction;Lorg/gradle/launcher/exec/BuildActionParameters;Lorg/gradle/initialization/BuildRequestContext;)Lorg/gradle/launcher/exec/BuildActionResult;+95
j  org.gradle.tooling.internal.provider.BuildSessionLifecycleBuildActionExecuter.execute(Lorg/gradle/internal/invocation/BuildAction;Ljava/lang/Object;Ljava/lang/Object;)Lorg/gradle/launcher/exec/BuildActionResult;+10
j  org.gradle.tooling.internal.provider.StartParamsValidatingActionExecuter.execute(Lorg/gradle/internal/invocation/BuildAction;Lorg/gradle/launcher/exec/BuildActionParameters;Lorg/gradle/initialization/BuildRequestContext;)Lorg/gradle/launcher/exec/BuildActionResult;+177
j  org.gradle.tooling.internal.provider.StartParamsValidatingActionExecuter.execute(Lorg/gradle/internal/invocation/BuildAction;Ljava/lang/Object;Ljava/lang/Object;)Lorg/gradle/launcher/exec/BuildActionResult;+10
j  org.gradle.tooling.internal.provider.SessionFailureReportingActionExecuter.execute(Lorg/gradle/internal/invocation/BuildAction;Lorg/gradle/launcher/exec/BuildActionParameters;Lorg/gradle/initialization/BuildRequestContext;)Lorg/gradle/launcher/exec/BuildActionResult;+7
j  org.gradle.tooling.internal.provider.SessionFailureReportingActionExecuter.execute(Lorg/gradle/internal/invocation/BuildAction;Ljava/lang/Object;Ljava/lang/Object;)Lorg/gradle/launcher/exec/BuildActionResult;+10
j  org.gradle.tooling.internal.provider.SetupLoggingActionExecuter.execute(Lorg/gradle/internal/invocation/BuildAction;Lorg/gradle/launcher/exec/BuildActionParameters;Lorg/gradle/initialization/BuildRequestContext;)Lorg/gradle/launcher/exec/BuildActionResult;+50
j  org.gradle.tooling.internal.provider.SetupLoggingActionExecuter.execute(Lorg/gradle/internal/invocation/BuildAction;Ljava/lang/Object;Ljava/lang/Object;)Lorg/gradle/launcher/exec/BuildActionResult;+10
j  org.gradle.launcher.daemon.server.exec.ExecuteBuild.doBuild(Lorg/gradle/launcher/daemon/server/api/DaemonCommandExecution;Lorg/gradle/launcher/daemon/protocol/Build;)V+117
j  org.gradle.launcher.daemon.server.exec.BuildCommandOnly.execute(Lorg/gradle/launcher/daemon/server/api/DaemonCommandExecution;)V+49
j  org.gradle.launcher.daemon.server.api.DaemonCommandExecution.proceed()Z+23
j  org.gradle.launcher.daemon.server.exec.WatchForDisconnection.execute(Lorg/gradle/launcher/daemon/server/api/DaemonCommandExecution;)V+19
j  org.gradle.launcher.daemon.server.api.DaemonCommandExecution.proceed()Z+23
j  org.gradle.launcher.daemon.server.exec.ResetDeprecationLogger.execute(Lorg/gradle/launcher/daemon/server/api/DaemonCommandExecution;)V+7
j  org.gradle.launcher.daemon.server.api.DaemonCommandExecution.proceed()Z+23
j  org.gradle.launcher.daemon.server.exec.RequestStopIfSingleUsedDaemon.execute(Lorg/gradle/launcher/daemon/server/api/DaemonCommandExecution;)V+33
j  org.gradle.launcher.daemon.server.api.DaemonCommandExecution.proceed()Z+23
j  org.gradle.launcher.daemon.server.exec.ForwardClientInput$2.create()Ljava/lang/Void;+4
j  org.gradle.launcher.daemon.server.exec.ForwardClientInput$2.create()Ljava/lang/Object;+1
j  org.gradle.util.internal.Swapper.swap(Ljava/lang/Object;Lorg/gradle/internal/Factory;)Ljava/lang/Object;+21
j  org.gradle.launcher.daemon.server.exec.ForwardClientInput.execute(Lorg/gradle/launcher/daemon/server/api/DaemonCommandExecution;)V+63
j  org.gradle.launcher.daemon.server.api.DaemonCommandExecution.proceed()Z+23
j  org.gradle.launcher.daemon.server.exec.LogAndCheckHealth.execute(Lorg/gradle/launcher/daemon/server/api/DaemonCommandExecution;)V+51
j  org.gradle.launcher.daemon.server.api.DaemonCommandExecution.proceed()Z+23
j  org.gradle.launcher.daemon.server.exec.LogToClient.doBuild(Lorg/gradle/launcher/daemon/server/api/DaemonCommandExecution;Lorg/gradle/launcher/daemon/protocol/Build;)V+87
j  org.gradle.launcher.daemon.server.exec.BuildCommandOnly.execute(Lorg/gradle/launcher/daemon/server/api/DaemonCommandExecution;)V+49
j  org.gradle.launcher.daemon.server.api.DaemonCommandExecution.proceed()Z+23
j  org.gradle.launcher.daemon.server.exec.EstablishBuildEnvironment.doBuild(Lorg/gradle/launcher/daemon/server/api/DaemonCommandExecution;Lorg/gradle/launcher/daemon/protocol/Build;)V+356
j  org.gradle.launcher.daemon.server.exec.BuildCommandOnly.execute(Lorg/gradle/launcher/daemon/server/api/DaemonCommandExecution;)V+49
j  org.gradle.launcher.daemon.server.api.DaemonCommandExecution.proceed()Z+23
j  org.gradle.launcher.daemon.server.exec.StartBuildOrRespondWithBusy$1.run()V+44
j  org.gradle.launcher.daemon.server.DaemonStateCoordinator$1.run()V+4
j  org.gradle.internal.concurrent.ExecutorPolicy$CatchAndRecordFailures.onExecute(Ljava/lang/Runnable;)V+1
j  org.gradle.internal.concurrent.ManagedExecutorImpl$1.run()V+25
j  java.util.concurrent.ThreadPoolExecutor.runWorker(Ljava/util/concurrent/ThreadPoolExecutor$Worker;)V+95
j  java.util.concurrent.ThreadPoolExecutor$Worker.run()V+5
j  java.lang.Thread.run()V+11
v  ~StubRoutines::call_stub

---------------  P R O C E S S  ---------------

Java Threads: ( => current thread )
  0x000000001bd4c000 JavaThread "Cache worker for kotlin-dsl (C:\Users\danas\.gradle\caches\8.0.1\kotlin-dsl)" [_thread_blocked, id=22120, stack(0x0000000025810000,0x0000000025910000)]
  0x000000001bd50800 JavaThread "jar transforms Thread 4" [_thread_blocked, id=16248, stack(0x00000000251d0000,0x00000000252d0000)]
  0x000000001bd53000 JavaThread "jar transforms Thread 3" [_thread_blocked, id=20064, stack(0x0000000023dd0000,0x0000000023ed0000)]
  0x000000001bd50000 JavaThread "jar transforms Thread 2" [_thread_blocked, id=19076, stack(0x0000000023a80000,0x0000000023b80000)]
  0x000000001bd4d000 JavaThread "jar transforms" [_thread_blocked, id=21684, stack(0x0000000023f00000,0x0000000024000000)]
  0x000000001bd51800 JavaThread "Cache worker for execution history cache (C:\Users\danas\.gradle\caches\8.0.1\executionHistory)" [_thread_blocked, id=3636, stack(0x0000000022f80000,0x0000000023080000)]
  0x000000001c380800 JavaThread "Cache worker for cache directory md-supplier (C:\Users\danas\.gradle\caches\8.0.1\md-supplier)" [_thread_blocked, id=12440, stack(0x0000000022e80000,0x0000000022f80000)]
  0x000000001c37d800 JavaThread "Cache worker for file hash cache (C:\Users\danas\Documents\GitHub\MindCue_App\MindCue\android\.gradle\8.0.1\fileHashes)" [_thread_blocked, id=27384, stack(0x0000000022d80000,0x0000000022e80000)]
  0x000000001c37c800 JavaThread "Cache worker for file content cache (C:\Users\danas\.gradle\caches\8.0.1\fileContent)" [_thread_blocked, id=13752, stack(0x0000000022c80000,0x0000000022d80000)]
  0x000000001c37f000 JavaThread "Cache worker for cache directory md-rule (C:\Users\danas\.gradle\caches\8.0.1\md-rule)" [_thread_blocked, id=8080, stack(0x0000000022b80000,0x0000000022c80000)]
  0x000000001c37c000 JavaThread "Cache worker for checksums cache (C:\Users\danas\Documents\GitHub\MindCue_App\MindCue\android\.gradle\8.0.1\checksums)" [_thread_blocked, id=26236, stack(0x00000000215a0000,0x00000000216a0000)]
  0x000000001c37b000 JavaThread "File watcher consumer" daemon [_thread_blocked, id=17820, stack(0x00000000214a0000,0x00000000215a0000)]
  0x000000001c37a800 JavaThread "File watcher server" daemon [_thread_in_native, id=9456, stack(0x00000000213a0000,0x00000000214a0000)]
  0x000000001c380000 JavaThread "Cache worker for file hash cache (C:\Users\danas\.gradle\caches\8.0.1\fileHashes)" [_thread_blocked, id=4656, stack(0x00000000216b0000,0x00000000217b0000)]
  0x000000001c37e800 JavaThread "File lock request listener" [_thread_in_native, id=15680, stack(0x000000001ef00000,0x000000001f000000)]
  0x000000001c379800 JavaThread "Cache worker for journal cache (C:\Users\danas\.gradle\caches\journal-1)" [_thread_blocked, id=17552, stack(0x000000001ee00000,0x000000001ef00000)]
  0x000000001c251000 JavaThread "Daemon client event forwarder" [_thread_blocked, id=8684, stack(0x000000001eb00000,0x000000001ec00000)]
  0x000000001c24c000 JavaThread "Asynchronous log dispatcher for DefaultDaemonConnection: socket connection from /127.0.0.1:50924 to /127.0.0.1:50925" [_thread_blocked, id=1976, stack(0x000000001e900000,0x000000001ea00000)]
=>0x000000001c479800 JavaThread "Daemon worker" [_thread_in_vm, id=8340, stack(0x000000001e700000,0x000000001e800000)]
  0x000000001c479000 JavaThread "Cancel handler" [_thread_blocked, id=11716, stack(0x000000001e600000,0x000000001e700000)]
  0x000000001c476000 JavaThread "Handler for socket connection from /127.0.0.1:50924 to /127.0.0.1:50925" [_thread_in_native, id=24136, stack(0x000000001e500000,0x000000001e600000)]
  0x000000001c481000 JavaThread "Daemon" [_thread_blocked, id=1800, stack(0x000000001e400000,0x000000001e500000)]
  0x000000001c480800 JavaThread "Daemon periodic checks" [_thread_blocked, id=23308, stack(0x000000001e300000,0x000000001e400000)]
  0x000000001bb11000 JavaThread "Incoming local TCP Connector on port 50924" [_thread_in_native, id=5128, stack(0x000000001deb0000,0x000000001dfb0000)]
  0x000000001d0d7000 JavaThread "Daemon health stats" [_thread_blocked, id=1848, stack(0x000000001c880000,0x000000001c980000)]
  0x000000001a2c8000 JavaThread "Service Thread" daemon [_thread_blocked, id=23196, stack(0x000000001aeb0000,0x000000001afb0000)]
  0x000000001a23f800 JavaThread "C1 CompilerThread3" daemon [_thread_blocked, id=24864, stack(0x000000001adb0000,0x000000001aeb0000)]
  0x000000001a1e8000 JavaThread "C2 CompilerThread2" daemon [_thread_blocked, id=9256, stack(0x000000001acb0000,0x000000001adb0000)]
  0x000000001a1e7000 JavaThread "C2 CompilerThread1" daemon [_thread_blocked, id=21588, stack(0x000000001abb0000,0x000000001acb0000)]
  0x000000001a1e5000 JavaThread "C2 CompilerThread0" daemon [_thread_blocked, id=22960, stack(0x000000001aab0000,0x000000001abb0000)]
  0x000000001a1e4000 JavaThread "Attach Listener" daemon [_thread_blocked, id=26672, stack(0x000000001a9b0000,0x000000001aab0000)]
  0x000000001a1e3000 JavaThread "Signal Dispatcher" daemon [_thread_blocked, id=26148, stack(0x000000001a8b0000,0x000000001a9b0000)]
  0x000000001a1d0800 JavaThread "Finalizer" daemon [_thread_blocked, id=17844, stack(0x000000001a6b0000,0x000000001a7b0000)]
  0x0000000003329000 JavaThread "Reference Handler" daemon [_thread_blocked, id=23968, stack(0x000000001a5b0000,0x000000001a6b0000)]
  0x00000000031fe800 JavaThread "main" [_thread_blocked, id=18680, stack(0x00000000030e0000,0x00000000031e0000)]

Other Threads:
  0x00000000183c7800 VMThread [stack: 0x000000001a0b0000,0x000000001a1b0000] [id=2488]
  0x000000001a2d9800 WatcherThread [stack: 0x000000001afb0000,0x000000001b0b0000] [id=16904]

VM state:not at safepoint (normal execution)

VM Mutex/Monitor currently owned by a thread: None

heap address: 0x0000000080000000, size: 2048 MB, Compressed Oops mode: 32-bit
Narrow klass base: 0x0000000000000000, Narrow klass shift: 3
Compressed class space size: 1073741824 Address: 0x0000000100000000

Heap:
 PSYoungGen      total 631808K, used 138544K [0x00000000d5580000, 0x0000000100000000, 0x0000000100000000)
  eden space 604672K, 18% used [0x00000000d5580000,0x00000000dc24cd20,0x00000000fa400000)
  from space 27136K, 99% used [0x00000000fe380000,0x00000000ffdff6a8,0x00000000ffe00000)
  to   space 47104K, 0% used [0x00000000fa400000,0x00000000fa400000,0x00000000fd200000)
 ParOldGen       total 197120K, used 85844K [0x0000000080000000, 0x000000008c080000, 0x00000000d5580000)
  object space 197120K, 43% used [0x0000000080000000,0x00000000853d50a8,0x000000008c080000)
 Metaspace       used 86682K, capacity 89793K, committed 90240K, reserved 1128448K
  class space    used 10904K, capacity 11573K, committed 11648K, reserved 1048576K

Card table byte_map: [0x00000000126f0000,0x0000000012b00000] byte_map_base: 0x00000000122f0000

Marking Bits: (ParMarkBitMap*) 0x00000000641a5ce0
 Begin Bits: [0x00000000135b0000, 0x00000000155b0000)
 End Bits:   [0x00000000155b0000, 0x00000000175b0000)

Polling page: 0x00000000013b0000

CodeCache: size=245760Kb used=54814Kb max_used=54814Kb free=190945Kb
 bounds [0x0000000003330000, 0x00000000068f0000, 0x0000000012330000]
 total_blobs=13395 nmethods=12509 adapters=795
 compilation: enabled

Compilation events (10 events):
Event: 218.118 Thread 0x000000001a23f800 nmethod 14932 0x00000000068cedd0 code [0x00000000068cf100, 0x00000000068d09b8]
Event: 218.118 Thread 0x000000001a23f800 14933       3       org.jetbrains.kotlin.resolve.checkers.ClassifierUsageCheckerKt$checkClassifierUsages$visitor$1::getReferencedClassifiers (500 bytes)
Event: 218.119 Thread 0x000000001a1e5000 nmethod 14934 0x0000000005dd0a50 code [0x0000000005dd0b80, 0x0000000005dd0bf8]
Event: 218.120 Thread 0x000000001a1e7000 nmethod 14927 0x00000000068d3950 code [0x00000000068d3ac0, 0x00000000068d3eb8]
Event: 218.132 Thread 0x000000001a1e5000 14950   !   4       org.jetbrains.kotlin.com.intellij.util.containers.ConcurrentLongObjectHashMap::tabAt (33 bytes)
Event: 218.132 Thread 0x000000001a23f800 nmethod 14933 0x00000000068d5d90 code [0x00000000068d6420, 0x00000000068db2f8]
Event: 218.132 Thread 0x000000001a23f800 14935       3       org.jetbrains.kotlin.config.LanguageVersionSettingsImpl::getFeatureSupport (77 bytes)
Event: 218.136 Thread 0x000000001a23f800 nmethod 14935 0x00000000068d1790 code [0x00000000068d1a40, 0x00000000068d2e08]
Event: 218.136 Thread 0x000000001a23f800 14941   !   3       org.jetbrains.kotlin.com.intellij.openapi.progress.impl.CoreProgressManager::registerIndicatorAndRun (595 bytes)
Event: 218.137 Thread 0x000000001a1e5000 nmethod 14950 0x00000000068d4290 code [0x00000000068d43e0, 0x00000000068d4488]

GC Heap History (10 events):
Event: 159.268 GC heap before
{Heap before GC invocations=43 (full 2):
 PSYoungGen      total 667136K, used 656718K [0x00000000d5580000, 0x0000000100000000, 0x0000000100000000)
  eden space 637440K, 100% used [0x00000000d5580000,0x00000000fc400000,0x00000000fc400000)
  from space 29696K, 64% used [0x00000000fe080000,0x00000000ff353868,0x00000000ffd80000)
  to   space 29184K, 0% used [0x00000000fc400000,0x00000000fc400000,0x00000000fe080000)
 ParOldGen       total 125952K, used 35935K [0x0000000080000000, 0x0000000087b00000, 0x00000000d5580000)
  object space 125952K, 28% used [0x0000000080000000,0x0000000082317fc8,0x0000000087b00000)
 Metaspace       used 45714K, capacity 48124K, committed 48256K, reserved 1091584K
  class space    used 6177K, capacity 6677K, committed 6784K, reserved 1048576K
Event: 159.297 GC heap after
Heap after GC invocations=43 (full 2):
 PSYoungGen      total 666624K, used 17360K [0x00000000d5580000, 0x00000000ffd80000, 0x0000000100000000)
  eden space 637440K, 0% used [0x00000000d5580000,0x00000000d5580000,0x00000000fc400000)
  from space 29184K, 59% used [0x00000000fc400000,0x00000000fd4f40a8,0x00000000fe080000)
  to   space 28160K, 0% used [0x00000000fe200000,0x00000000fe200000,0x00000000ffd80000)
 ParOldGen       total 125952K, used 36551K [0x0000000080000000, 0x0000000087b00000, 0x00000000d5580000)
  object space 125952K, 29% used [0x0000000080000000,0x00000000823b1fc8,0x0000000087b00000)
 Metaspace       used 45714K, capacity 48124K, committed 48256K, reserved 1091584K
  class space    used 6177K, capacity 6677K, committed 6784K, reserved 1048576K
}
Event: 164.546 GC heap before
{Heap before GC invocations=44 (full 2):
 PSYoungGen      total 666624K, used 654800K [0x00000000d5580000, 0x00000000ffd80000, 0x0000000100000000)
  eden space 637440K, 100% used [0x00000000d5580000,0x00000000fc400000,0x00000000fc400000)
  from space 29184K, 59% used [0x00000000fc400000,0x00000000fd4f40a8,0x00000000fe080000)
  to   space 28160K, 0% used [0x00000000fe200000,0x00000000fe200000,0x00000000ffd80000)
 ParOldGen       total 125952K, used 36551K [0x0000000080000000, 0x0000000087b00000, 0x00000000d5580000)
  object space 125952K, 29% used [0x0000000080000000,0x00000000823b1fc8,0x0000000087b00000)
 Metaspace       used 49011K, capacity 51416K, committed 51712K, reserved 1093632K
  class space    used 6592K, capacity 7123K, committed 7168K, reserved 1048576K
Event: 164.572 GC heap after
Heap after GC invocations=44 (full 2):
 PSYoungGen      total 668160K, used 12159K [0x00000000d5580000, 0x00000000fff00000, 0x0000000100000000)
  eden space 640000K, 0% used [0x00000000d5580000,0x00000000d5580000,0x00000000fc680000)
  from space 28160K, 43% used [0x00000000fe200000,0x00000000feddffc8,0x00000000ffd80000)
  to   space 28160K, 0% used [0x00000000fc680000,0x00000000fc680000,0x00000000fe200000)
 ParOldGen       total 125952K, used 37447K [0x0000000080000000, 0x0000000087b00000, 0x00000000d5580000)
  object space 125952K, 29% used [0x0000000080000000,0x0000000082491fc8,0x0000000087b00000)
 Metaspace       used 49011K, capacity 51416K, committed 51712K, reserved 1093632K
  class space    used 6592K, capacity 7123K, committed 7168K, reserved 1048576K
}
Event: 168.245 GC heap before
{Heap before GC invocations=45 (full 2):
 PSYoungGen      total 668160K, used 114152K [0x00000000d5580000, 0x00000000fff00000, 0x0000000100000000)
  eden space 640000K, 15% used [0x00000000d5580000,0x00000000db91a170,0x00000000fc680000)
  from space 28160K, 43% used [0x00000000fe200000,0x00000000feddffc8,0x00000000ffd80000)
  to   space 28160K, 0% used [0x00000000fc680000,0x00000000fc680000,0x00000000fe200000)
 ParOldGen       total 125952K, used 37447K [0x0000000080000000, 0x0000000087b00000, 0x00000000d5580000)
  object space 125952K, 29% used [0x0000000080000000,0x0000000082491fc8,0x0000000087b00000)
 Metaspace       used 56377K, capacity 59002K, committed 59136K, reserved 1099776K
  class space    used 7783K, capacity 8381K, committed 8448K, reserved 1048576K
Event: 168.283 GC heap after
Heap after GC invocations=45 (full 2):
 PSYoungGen      total 668160K, used 15489K [0x00000000d5580000, 0x00000000ffe00000, 0x0000000100000000)
  eden space 640000K, 0% used [0x00000000d5580000,0x00000000d5580000,0x00000000fc680000)
  from space 28160K, 55% used [0x00000000fc680000,0x00000000fd5a0400,0x00000000fe200000)
  to   space 27136K, 0% used [0x00000000fe380000,0x00000000fe380000,0x00000000ffe00000)
 ParOldGen       total 125952K, used 37959K [0x0000000080000000, 0x0000000087b00000, 0x00000000d5580000)
  object space 125952K, 30% used [0x0000000080000000,0x0000000082511fd8,0x0000000087b00000)
 Metaspace       used 56377K, capacity 59002K, committed 59136K, reserved 1099776K
  class space    used 7783K, capacity 8381K, committed 8448K, reserved 1048576K
}
Event: 168.283 GC heap before
{Heap before GC invocations=46 (full 3):
 PSYoungGen      total 668160K, used 15489K [0x00000000d5580000, 0x00000000ffe00000, 0x0000000100000000)
  eden space 640000K, 0% used [0x00000000d5580000,0x00000000d5580000,0x00000000fc680000)
  from space 28160K, 55% used [0x00000000fc680000,0x00000000fd5a0400,0x00000000fe200000)
  to   space 27136K, 0% used [0x00000000fe380000,0x00000000fe380000,0x00000000ffe00000)
 ParOldGen       total 125952K, used 37959K [0x0000000080000000, 0x0000000087b00000, 0x00000000d5580000)
  object space 125952K, 30% used [0x0000000080000000,0x0000000082511fd8,0x0000000087b00000)
 Metaspace       used 56377K, capacity 59002K, committed 59136K, reserved 1099776K
  class space    used 7783K, capacity 8381K, committed 8448K, reserved 1048576K
Event: 169.509 GC heap after
Heap after GC invocations=46 (full 3):
 PSYoungGen      total 668160K, used 0K [0x00000000d5580000, 0x00000000ffe00000, 0x0000000100000000)
  eden space 640000K, 0% used [0x00000000d5580000,0x00000000d5580000,0x00000000fc680000)
  from space 28160K, 0% used [0x00000000fc680000,0x00000000fc680000,0x00000000fe200000)
  to   space 27136K, 0% used [0x00000000fe380000,0x00000000fe380000,0x00000000ffe00000)
 ParOldGen       total 197120K, used 40258K [0x0000000080000000, 0x000000008c080000, 0x00000000d5580000)
  object space 197120K, 20% used [0x0000000080000000,0x0000000082750a68,0x000000008c080000)
 Metaspace       used 56206K, capacity 58824K, committed 59136K, reserved 1099776K
  class space    used 7745K, capacity 8339K, committed 8448K, reserved 1048576K
}
Event: 202.837 GC heap before
{Heap before GC invocations=47 (full 3):
 PSYoungGen      total 668160K, used 640000K [0x00000000d5580000, 0x00000000ffe00000, 0x0000000100000000)
  eden space 640000K, 100% used [0x00000000d5580000,0x00000000fc680000,0x00000000fc680000)
  from space 28160K, 0% used [0x00000000fc680000,0x00000000fc680000,0x00000000fe200000)
  to   space 27136K, 0% used [0x00000000fe380000,0x00000000fe380000,0x00000000ffe00000)
 ParOldGen       total 197120K, used 40258K [0x0000000080000000, 0x000000008c080000, 0x00000000d5580000)
  object space 197120K, 20% used [0x0000000080000000,0x0000000082750a68,0x000000008c080000)
 Metaspace       used 83320K, capacity 86383K, committed 86656K, reserved 1124352K
  class space    used 10716K, capacity 11374K, committed 11392K, reserved 1048576K
Event: 203.988 GC heap after
Heap after GC invocations=47 (full 3):
 PSYoungGen      total 631808K, used 27133K [0x00000000d5580000, 0x0000000100000000, 0x0000000100000000)
  eden space 604672K, 0% used [0x00000000d5580000,0x00000000d5580000,0x00000000fa400000)
  from space 27136K, 99% used [0x00000000fe380000,0x00000000ffdff6a8,0x00000000ffe00000)
  to   space 47104K, 0% used [0x00000000fa400000,0x00000000fa400000,0x00000000fd200000)
 ParOldGen       total 197120K, used 85844K [0x0000000080000000, 0x000000008c080000, 0x00000000d5580000)
  object space 197120K, 43% used [0x0000000080000000,0x00000000853d50a8,0x000000008c080000)
 Metaspace       used 83320K, capacity 86383K, committed 86656K, reserved 1124352K
  class space    used 10716K, capacity 11374K, committed 11392K, reserved 1048576K
}

Deoptimization events (10 events):
Event: 217.764 Thread 0x000000001c479800 Uncommon trap: reason=class_check action=maybe_recompile pc=0x000000000684d814 method=org.jetbrains.kotlin.builtins.FunctionTypesKt.isSuspendFunctionType(Lorg/jetbrains/kotlin/types/KotlinType;)Z @ 19
Event: 217.807 Thread 0x000000001c479800 Uncommon trap: reason=bimorphic action=maybe_recompile pc=0x0000000006558384 method=org.jetbrains.kotlin.util.slicedMap.SlicedMapImpl.get(Lorg/jetbrains/kotlin/util/slicedMap/ReadOnlySlice;Ljava/lang/Object;)Ljava/lang/Object; @ 35
Event: 217.808 Thread 0x000000001c479800 Uncommon trap: reason=bimorphic action=maybe_recompile pc=0x0000000006558384 method=org.jetbrains.kotlin.util.slicedMap.SlicedMapImpl.get(Lorg/jetbrains/kotlin/util/slicedMap/ReadOnlySlice;Ljava/lang/Object;)Ljava/lang/Object; @ 35
Event: 217.815 Thread 0x000000001c479800 Uncommon trap: reason=bimorphic action=maybe_recompile pc=0x00000000066fc770 method=org.jetbrains.kotlin.util.slicedMap.SlicedMapImpl.get(Lorg/jetbrains/kotlin/util/slicedMap/ReadOnlySlice;Ljava/lang/Object;)Ljava/lang/Object; @ 35
Event: 217.976 Thread 0x000000001c479800 Uncommon trap: reason=bimorphic action=maybe_recompile pc=0x0000000006854830 method=org.jetbrains.kotlin.psi.KtVisitor.visitKtElement(Lorg/jetbrains/kotlin/psi/KtElement;Ljava/lang/Object;)Ljava/lang/Object; @ 10
Event: 217.976 Thread 0x000000001c479800 Uncommon trap: reason=bimorphic action=maybe_recompile pc=0x0000000006854830 method=org.jetbrains.kotlin.psi.KtVisitor.visitKtElement(Lorg/jetbrains/kotlin/psi/KtElement;Ljava/lang/Object;)Ljava/lang/Object; @ 10
Event: 217.976 Thread 0x000000001c479800 Uncommon trap: reason=bimorphic action=maybe_recompile pc=0x0000000006854830 method=org.jetbrains.kotlin.psi.KtVisitor.visitKtElement(Lorg/jetbrains/kotlin/psi/KtElement;Ljava/lang/Object;)Ljava/lang/Object; @ 10
Event: 217.976 Thread 0x000000001c479800 Uncommon trap: reason=bimorphic action=maybe_recompile pc=0x0000000006854830 method=org.jetbrains.kotlin.psi.KtVisitor.visitKtElement(Lorg/jetbrains/kotlin/psi/KtElement;Ljava/lang/Object;)Ljava/lang/Object; @ 10
Event: 218.073 Thread 0x000000001c479800 Uncommon trap: reason=unstable_if action=reinterpret pc=0x0000000005924f28 method=java.math.BigInteger.compareMagnitude(Ljava/math/BigInteger;)I @ 61
Event: 218.075 Thread 0x000000001c479800 Uncommon trap: reason=unstable_if action=reinterpret pc=0x00000000059208bc method=java.math.BigInteger.compareMagnitude(Ljava/math/BigInteger;)I @ 61

Classes redefined (0 events):
No events

Internal exceptions (10 events):
Event: 186.652 Thread 0x000000001c479800 Exception <a 'java/lang/NoSuchMethodError': java.lang.Object.lambda$identity$2(I)I> (0x00000000f26a3578) thrown at [C:\re\workspace\8-2-build-windows-amd64-cygwin\jdk8u202\12323\hotspot\src\share\vm\interpreter\linkResolver.cpp, line 620]
Event: 186.735 Thread 0x000000001c479800 Exception <a 'java/lang/NoSuchMethodError': java.lang.Object.lambda$static$0(I)[Lorg/jetbrains/kotlin/com/intellij/psi/PsiReference;> (0x00000000f289bc50) thrown at [C:\re\workspace\8-2-build-windows-amd64-cygwin\jdk8u202\12323\hotspot\src\share\vm\interp
Event: 186.766 Thread 0x000000001c479800 Exception <a 'java/lang/NoSuchMethodError': java.lang.Object.lambda$static$0(I)[Lorg/jetbrains/kotlin/com/intellij/psi/PsiTypeElement;> (0x00000000f295bd38) thrown at [C:\re\workspace\8-2-build-windows-amd64-cygwin\jdk8u202\12323\hotspot\src\share\vm\inte
Event: 186.815 Thread 0x000000001c479800 Exception <a 'java/lang/NoSuchMethodError': java.lang.Object.lambda$static$0(I)[Lorg/jetbrains/kotlin/com/intellij/psi/PsiTypeParameter;> (0x00000000f2a4e348) thrown at [C:\re\workspace\8-2-build-windows-amd64-cygwin\jdk8u202\12323\hotspot\src\share\vm\in
Event: 191.430 Thread 0x000000001c479800 Implicit null exception at 0x0000000005169353 to 0x00000000051694f5
Event: 191.754 Thread 0x000000001c479800 Implicit null exception at 0x0000000003f658d3 to 0x0000000003f65c5d
Event: 191.754 Thread 0x000000001c479800 Implicit null exception at 0x000000000450aaef to 0x000000000450ab2d
Event: 195.034 Thread 0x000000001c479800 Implicit null exception at 0x00000000055eb137 to 0x00000000055eb450
Event: 195.177 Thread 0x000000001c479800 Implicit null exception at 0x00000000053ea72f to 0x00000000053eb04d
Event: 197.922 Thread 0x000000001c479800 Implicit null exception at 0x000000000588b7be to 0x000000000588bbd9

Events (10 events):
Event: 218.059 loading class org/jetbrains/kotlin/resolve/checkers/ClassifierUsageCheckerKt$checkClassifierUsages$visitor$1
Event: 218.059 loading class org/jetbrains/kotlin/resolve/checkers/ClassifierUsageCheckerKt$checkClassifierUsages$visitor$1 done
Event: 218.065 Executing VM operation: Deoptimize
Event: 218.069 Executing VM operation: Deoptimize done
Event: 218.073 Thread 0x000000001c479800 Uncommon trap: trap_request=0xffffff65 fr.pc=0x0000000005924f28
Event: 218.073 Thread 0x000000001c479800 DEOPT PACKING pc=0x0000000005924f28 sp=0x000000001e7f6cc0
Event: 218.073 Thread 0x000000001c479800 DEOPT UNPACKING pc=0x000000000337583b sp=0x000000001e7f6968 mode 2
Event: 218.075 Thread 0x000000001c479800 Uncommon trap: trap_request=0xffffff65 fr.pc=0x00000000059208bc
Event: 218.075 Thread 0x000000001c479800 DEOPT PACKING pc=0x00000000059208bc sp=0x000000001e7f6c50
Event: 218.075 Thread 0x000000001c479800 DEOPT UNPACKING pc=0x000000000337583b sp=0x000000001e7f6968 mode 2


Dynamic libraries:
0x00007ff6f3a80000 - 0x00007ff6f3ab7000 	C:\Program Files\Java\jdk1.8.0_202\bin\java.exe
0x00007ff9cb2f0000 - 0x00007ff9cb507000 	C:\WINDOWS\SYSTEM32\ntdll.dll
0x00007ff9ca770000 - 0x00007ff9ca834000 	C:\WINDOWS\System32\KERNEL32.DLL
0x00007ff9c8790000 - 0x00007ff9c8b36000 	C:\WINDOWS\System32\KERNELBASE.dll
0x00007ff9cafd0000 - 0x00007ff9cb080000 	C:\WINDOWS\System32\ADVAPI32.dll
0x00007ff9cb1f0000 - 0x00007ff9cb297000 	C:\WINDOWS\System32\msvcrt.dll
0x00007ff9ca390000 - 0x00007ff9ca436000 	C:\WINDOWS\System32\sechost.dll
0x00007ff9ca550000 - 0x00007ff9ca667000 	C:\WINDOWS\System32\RPCRT4.dll
0x00007ff9cae20000 - 0x00007ff9cafcd000 	C:\WINDOWS\System32\USER32.dll
0x00007ff9c9020000 - 0x00007ff9c9046000 	C:\WINDOWS\System32\win32u.dll
0x00007ff9cad90000 - 0x00007ff9cadb9000 	C:\WINDOWS\System32\GDI32.dll
0x00007ff9c8b40000 - 0x00007ff9c8c58000 	C:\WINDOWS\System32\gdi32full.dll
0x00007ff9c8d50000 - 0x00007ff9c8dea000 	C:\WINDOWS\System32\msvcp_win.dll
0x00007ff9c8670000 - 0x00007ff9c8781000 	C:\WINDOWS\System32\ucrtbase.dll
0x00007ff9a9a90000 - 0x00007ff9a9d23000 	C:\WINDOWS\WinSxS\amd64_microsoft.windows.common-controls_6595b64144ccf1df_6.0.22621.2361_none_2712ced57382f843\COMCTL32.dll
0x00007ff9ca860000 - 0x00007ff9ca891000 	C:\WINDOWS\System32\IMM32.DLL
0x0000000064880000 - 0x0000000064952000 	C:\Program Files\Java\jdk1.8.0_202\jre\bin\msvcr100.dll
0x0000000063980000 - 0x0000000064225000 	C:\Program Files\Java\jdk1.8.0_202\jre\bin\server\jvm.dll
0x00007ff9ca540000 - 0x00007ff9ca548000 	C:\WINDOWS\System32\PSAPI.DLL
0x00007ff9c1db0000 - 0x00007ff9c1de4000 	C:\WINDOWS\SYSTEM32\WINMM.dll
0x00007ff9bebb0000 - 0x00007ff9bebba000 	C:\WINDOWS\SYSTEM32\VERSION.dll
0x00007ff998250000 - 0x00007ff998259000 	C:\WINDOWS\SYSTEM32\WSOCK32.dll
0x00007ff9c97c0000 - 0x00007ff9c9831000 	C:\WINDOWS\System32\WS2_32.dll
0x00007ff9ae8a0000 - 0x00007ff9ae8af000 	C:\Program Files\Java\jdk1.8.0_202\jre\bin\verify.dll
0x00007ff989220000 - 0x00007ff989249000 	C:\Program Files\Java\jdk1.8.0_202\jre\bin\java.dll
0x00007ff989780000 - 0x00007ff989796000 	C:\Program Files\Java\jdk1.8.0_202\jre\bin\zip.dll
0x00007ff9c9b30000 - 0x00007ff9ca388000 	C:\WINDOWS\System32\SHELL32.dll
0x00007ff9c65e0000 - 0x00007ff9c6ed2000 	C:\WINDOWS\SYSTEM32\windows.storage.dll
0x00007ff9ca970000 - 0x00007ff9cacfa000 	C:\WINDOWS\System32\combase.dll
0x00007ff9c64a0000 - 0x00007ff9c65de000 	C:\WINDOWS\SYSTEM32\wintypes.dll
0x00007ff9ca440000 - 0x00007ff9ca533000 	C:\WINDOWS\System32\SHCORE.dll
0x00007ff9cadc0000 - 0x00007ff9cae1e000 	C:\WINDOWS\System32\shlwapi.dll
0x00007ff9c85a0000 - 0x00007ff9c85c6000 	C:\WINDOWS\SYSTEM32\profapi.dll
0x00007ff97f680000 - 0x00007ff97f69a000 	C:\Program Files\Java\jdk1.8.0_202\jre\bin\net.dll
0x00007ff996d10000 - 0x00007ff996f00000 	C:\WINDOWS\SYSTEM32\urlmon.dll
0x00007ff9a59f0000 - 0x00007ff9a5a19000 	C:\WINDOWS\SYSTEM32\srvcli.dll
0x00007ff9af9a0000 - 0x00007ff9afc5c000 	C:\WINDOWS\SYSTEM32\iertutil.dll
0x00007ff9c72e0000 - 0x00007ff9c72ec000 	C:\WINDOWS\SYSTEM32\netutils.dll
0x00007ff9c7c20000 - 0x00007ff9c7c89000 	C:\WINDOWS\system32\mswsock.dll
0x00007ff979ab0000 - 0x00007ff979ac2000 	C:\Program Files\Java\jdk1.8.0_202\jre\bin\nio.dll
0x00007ff9b3140000 - 0x00007ff9b3167000 	C:\Users\danas\.gradle\native\68d5fa5c4cc2d200863cafc0d521ce42e7d3e7ee720ec0a83991735586a16f82\windows-amd64\native-platform.dll
0x00007ff95bd10000 - 0x00007ff95be54000 	C:\Users\danas\.gradle\native\e376f236ea51e6404a007f0833ffe2c6e607c4080706a723a18a27aeea778392\windows-amd64\native-platform-file-events.dll
0x00007ff9b3130000 - 0x00007ff9b313d000 	C:\Program Files\Java\jdk1.8.0_202\jre\bin\management.dll
0x00007ff9c7e80000 - 0x00007ff9c7e9b000 	C:\WINDOWS\SYSTEM32\CRYPTSP.dll
0x00007ff9c7700000 - 0x00007ff9c7735000 	C:\WINDOWS\system32\rsaenh.dll
0x00007ff9c7d10000 - 0x00007ff9c7d3c000 	C:\WINDOWS\SYSTEM32\USERENV.dll
0x00007ff9c8030000 - 0x00007ff9c8058000 	C:\WINDOWS\SYSTEM32\bcrypt.dll
0x00007ff9c8cd0000 - 0x00007ff9c8d4a000 	C:\WINDOWS\System32\bcryptprimitives.dll
0x00007ff9c7e70000 - 0x00007ff9c7e7c000 	C:\WINDOWS\SYSTEM32\CRYPTBASE.dll
0x00007ff9c7130000 - 0x00007ff9c715d000 	C:\WINDOWS\SYSTEM32\IPHLPAPI.DLL
0x00007ff9c9750000 - 0x00007ff9c9759000 	C:\WINDOWS\System32\NSI.dll
0x00007ff9b7ed0000 - 0x00007ff9b7ee9000 	C:\WINDOWS\SYSTEM32\dhcpcsvc6.DLL
0x00007ff9b7e50000 - 0x00007ff9b7e6f000 	C:\WINDOWS\SYSTEM32\dhcpcsvc.DLL
0x00007ff9c7160000 - 0x00007ff9c7259000 	C:\WINDOWS\SYSTEM32\DNSAPI.dll
0x00007ff9c5ec0000 - 0x00007ff9c60ee000 	C:\WINDOWS\SYSTEM32\dbghelp.dll
0x00007ff9c9a50000 - 0x00007ff9c9b27000 	C:\WINDOWS\System32\OLEAUT32.dll

VM Arguments:
jvm_args: -XX:MaxMetaspaceSize=512m -Xmx2048m -Dfile.encoding=windows-1256 -Duser.country=GB -Duser.language=en -Duser.variant 
java_command: org.gradle.launcher.daemon.bootstrap.GradleDaemon 8.0.1
java_class_path (initial): C:\Users\danas\.gradle\wrapper\dists\gradle-8.0.1-all\aro4hu1c3oeioove7l0i4i14o\gradle-8.0.1\lib\gradle-launcher-8.0.1.jar
Launcher Type: SUN_STANDARD

Environment Variables:
JAVA_HOME=C:\Program Files\Java\jdk1.8.0_202
CLASSPATH=C:\Users\danas\Documents\GitHub\MindCue_App\MindCue\android\\gradle\wrapper\gradle-wrapper.jar
PATH=C:\Users\danas\Documents\GitHub\MindCue_App\MindCue\node_modules\.bin;C:\Users\danas\Documents\GitHub\MindCue_App\MindCue\node_modules\.bin;C:\Users\danas\Documents\GitHub\MindCue_App\node_modules\.bin;C:\Users\danas\Documents\GitHub\node_modules\.bin;C:\Users\danas\Documents\node_modules\.bin;C:\Users\danas\node_modules\.bin;C:\Users\node_modules\.bin;C:\node_modules\.bin;C:\Program Files\nodejs\node_modules\npm\node_modules\@npmcli\run-script\lib\node-gyp-bin;C:\Users\danas\Documents\GitHub\MindCue_App\MindCue\node_modules\.bin;C:\Users\danas\Documents\GitHub\MindCue_App\node_modules\.bin;C:\Users\danas\Documents\GitHub\node_modules\.bin;C:\Users\danas\Documents\node_modules\.bin;C:\Users\danas\node_modules\.bin;C:\Users\node_modules\.bin;C:\node_modules\.bin;C:\Program Files\nodejs\node_modules\npm\node_modules\@npmcli\run-script\lib\node-gyp-bin;C:\Program Files (x86)\Common Files\Oracle\Java\javapath;C:\DBoracle\dbhomeXE\bin;C:\Windows\system32;C:\Windows;C:\Windows\System32\Wbem;C:\Windows\System32\WindowsPowerShell\v1.0\;C:\Windows\System32\OpenSSH\;C:\Program Files\NVIDIA Corporation\NVIDIA NvDLISR;C:\Program Files\MATLAB\R2021a\bin;C:\WINDOWS\system32;C:\WINDOWS;C:\WINDOWS\System32\Wbem;C:\WINDOWS\System32\WindowsPowerShell\v1.0\;C:\WINDOWS\System32\OpenSSH\;C:\Program Files\dotnet\;C:\Program Files\Java\jdk1.8.0_202\bin;C:\Program Files\MongoDB\bin;C:\Program Files\MongoDB\mongosh-1.10.3-win32-x64\bin;C:\Program Files\nodejs\;C:\Users\danas\AppData\Local\Programs\Python\Python312\Scripts\;C:\Users\danas\AppData\Local\Programs\Python\Python312\;C:\Users\danas\AppData\Local\Android\Sdk\platform-tools
USERNAME=danas
OS=Windows_NT
PROCESSOR_IDENTIFIER=Intel64 Family 6 Model 126 Stepping 5, GenuineIntel



---------------  S Y S T E M  ---------------

OS: Windows 10.0 , 64 bit Build 22621 (10.0.22621.2428)

CPU:total 8 (initial active 8) (4 cores per cpu, 2 threads per core) family 6 model 126 stepping 5, cmov, cx8, fxsr, mmx, sse, sse2, sse3, ssse3, sse4.1, sse4.2, popcnt, avx, avx2, aes, clmul, erms, 3dnowpref, lzcnt, ht, tsc, tscinvbit, bmi1, bmi2, adx

Memory: 4k page, physical 12340628k(321536k free), swap 24399252k(4955852k free)

vm_info: Java HotSpot(TM) 64-Bit Server VM (25.202-b08) for windows-amd64 JRE (1.8.0_202-b08), built on Dec 15 2018 19:54:30 by "java_re" with MS VC++ 10.0 (VS2010)

time: Thu Nov 23 15:02:29 2023
timezone: Arab Standard Time
elapsed time: 218 seconds (0d 0h 3m 38s)

